Handling lib "zz_boards"...
Handling lib "ota-common"...
Handling lib "rpc-service-fs"...
Handling lib "rpc-loopback"...
Handling lib "mjs"...
Handling lib "rpc-service-i2c"...
Handling lib "rpc-service-ota"...
Handling lib "http-server"...
Handling lib "cron"...
Handling lib "ota-http-client"...
Handling lib "rpc-common"...
Handling lib "rpc-service-config"...
Handling lib "gcp"...
Handling lib "wifi-setup-web-ui"...
Handling lib "rpc-uart"...
Handling lib "core"...
Handling lib "dash"...
Handling lib "i2c"...
Handling lib "shadow"...
Handling lib "rpc-ws"...
Handling lib "neopixel"...
Handling lib "pwm"...
zz_boards: Checking out 2.16.0...
rpc-service-fs: Checking out 2.16.0...
ota-common: Checking out 2.16.0...
cron: Checking out 2.16.0...
rpc-service-i2c: Checking out 2.16.0...
mjs: Checking out 2.16.0...
rpc-loopback: Checking out 2.16.0...
ota-http-client: Checking out 2.16.0...
rpc-service-ota: Checking out 2.16.0...
rpc-common: Checking out 2.16.0...
gcp: Checking out 2.16.0...
wifi-setup-web-ui: Checking out 2.16.0...
neopixel: Checking out 2.16.0...
core: Checking out 2.16.0...
rpc-service-config: Checking out 2.16.0...
http-server: Checking out 2.16.0...
i2c: Checking out 2.16.0...
shadow: Checking out 2.16.0...
pwm: Checking out 2.16.0...
rpc-uart: Checking out 2.16.0...
dash: Checking out 2.16.0...
rpc-ws: Checking out 2.16.0...
core: Done, hash 1157c736d02af127b7aa24bfb79b93de1081636a
core: Hash unchanged at 1157c736d02af127b7aa24bfb79b93de1081636a (dir "/data/fwbuild-volumes/2.16.0/apps/ioled_firmware/esp8266/build_contexts/build_ctx_811448916/deps/core")
core: Prepared local dir: "/data/fwbuild-volumes/2.16.0/apps/ioled_firmware/esp8266/build_contexts/build_ctx_811448916/deps/core"
pwm: Done, hash 783b43dba477315d2706efbd55f41e6383e9abf2
cron: Done, hash cef5fd3c915f5b07fca8bb10acec5cce51fa1439
neopixel: Done, hash 0909f0d259717bca7274331a76f714422f47f9b2
mjs: Done, hash a65e6d7c84aa0b22795ca403296db1772371313a
gcp: Done, hash 0cbd89cbf480b8186eb7245e88a2e9bd23278b83
ota-http-client: Done, hash e2f9fcfcae9e6efb24e6de6b42af6dd483dd675b
rpc-service-config: Done, hash b30e187977d8dafcb4297cff60e036855a7ff531
i2c: Done, hash 4bf5e876983b1767e50eab2bb4a71f4b225520e9
rpc-service-fs: Done, hash 5f252c2fa5ba989c09f734a4c407bcfef3699e38
rpc-service-i2c: Done, hash 0ae1956a03d37c07adab58059fd457c37b2cba12
rpc-uart: Done, hash 4c68e5d7b3eecb19ccc6128f111a118384ed20b4
shadow: Done, hash 3c21f7bfd2f5e2cbaa8e3f4621ff3f964e669b64
wifi-setup-web-ui: Done, hash 959c130d239b784d883c6e9326dfe15ba58de7f6
pwm: Hash unchanged at 783b43dba477315d2706efbd55f41e6383e9abf2 (dir "/data/fwbuild-volumes/2.16.0/apps/ioled_firmware/esp8266/build_contexts/build_ctx_811448916/deps/pwm")
rpc-ws: Done, hash e8e507f4a91eb96a0c664fa33319b2e4f0ed89b2
pwm: Prepared local dir: "/data/fwbuild-volumes/2.16.0/apps/ioled_firmware/esp8266/build_contexts/build_ctx_811448916/deps/pwm"
cron: Hash unchanged at cef5fd3c915f5b07fca8bb10acec5cce51fa1439 (dir "/data/fwbuild-volumes/2.16.0/apps/ioled_firmware/esp8266/build_contexts/build_ctx_811448916/deps/cron")
cron: Prepared local dir: "/data/fwbuild-volumes/2.16.0/apps/ioled_firmware/esp8266/build_contexts/build_ctx_811448916/deps/cron"
neopixel: Hash unchanged at 0909f0d259717bca7274331a76f714422f47f9b2 (dir "/data/fwbuild-volumes/2.16.0/apps/ioled_firmware/esp8266/build_contexts/build_ctx_811448916/deps/neopixel")
neopixel: Prepared local dir: "/data/fwbuild-volumes/2.16.0/apps/ioled_firmware/esp8266/build_contexts/build_ctx_811448916/deps/neopixel"
mjs: Hash unchanged at a65e6d7c84aa0b22795ca403296db1772371313a (dir "/data/fwbuild-volumes/2.16.0/apps/ioled_firmware/esp8266/build_contexts/build_ctx_811448916/deps/mjs")
mjs: Prepared local dir: "/data/fwbuild-volumes/2.16.0/apps/ioled_firmware/esp8266/build_contexts/build_ctx_811448916/deps/mjs"
gcp: Hash unchanged at 0cbd89cbf480b8186eb7245e88a2e9bd23278b83 (dir "/data/fwbuild-volumes/2.16.0/apps/ioled_firmware/esp8266/build_contexts/build_ctx_811448916/deps/gcp")
gcp: Prepared local dir: "/data/fwbuild-volumes/2.16.0/apps/ioled_firmware/esp8266/build_contexts/build_ctx_811448916/deps/gcp"
ota-http-client: Hash unchanged at e2f9fcfcae9e6efb24e6de6b42af6dd483dd675b (dir "/data/fwbuild-volumes/2.16.0/apps/ioled_firmware/esp8266/build_contexts/build_ctx_811448916/deps/ota-http-client")
ota-http-client: Prepared local dir: "/data/fwbuild-volumes/2.16.0/apps/ioled_firmware/esp8266/build_contexts/build_ctx_811448916/deps/ota-http-client"
rpc-service-config: Hash unchanged at b30e187977d8dafcb4297cff60e036855a7ff531 (dir "/data/fwbuild-volumes/2.16.0/apps/ioled_firmware/esp8266/build_contexts/build_ctx_811448916/deps/rpc-service-config")
rpc-service-config: Prepared local dir: "/data/fwbuild-volumes/2.16.0/apps/ioled_firmware/esp8266/build_contexts/build_ctx_811448916/deps/rpc-service-config"
rpc-service-fs: Hash unchanged at 5f252c2fa5ba989c09f734a4c407bcfef3699e38 (dir "/data/fwbuild-volumes/2.16.0/apps/ioled_firmware/esp8266/build_contexts/build_ctx_811448916/deps/rpc-service-fs")
i2c: Hash unchanged at 4bf5e876983b1767e50eab2bb4a71f4b225520e9 (dir "/data/fwbuild-volumes/2.16.0/apps/ioled_firmware/esp8266/build_contexts/build_ctx_811448916/deps/i2c")
rpc-service-fs: Prepared local dir: "/data/fwbuild-volumes/2.16.0/apps/ioled_firmware/esp8266/build_contexts/build_ctx_811448916/deps/rpc-service-fs"
i2c: Prepared local dir: "/data/fwbuild-volumes/2.16.0/apps/ioled_firmware/esp8266/build_contexts/build_ctx_811448916/deps/i2c"
rpc-service-i2c: Hash unchanged at 0ae1956a03d37c07adab58059fd457c37b2cba12 (dir "/data/fwbuild-volumes/2.16.0/apps/ioled_firmware/esp8266/build_contexts/build_ctx_811448916/deps/rpc-service-i2c")
rpc-service-i2c: Prepared local dir: "/data/fwbuild-volumes/2.16.0/apps/ioled_firmware/esp8266/build_contexts/build_ctx_811448916/deps/rpc-service-i2c"
rpc-uart: Hash unchanged at 4c68e5d7b3eecb19ccc6128f111a118384ed20b4 (dir "/data/fwbuild-volumes/2.16.0/apps/ioled_firmware/esp8266/build_contexts/build_ctx_811448916/deps/rpc-uart")
rpc-uart: Prepared local dir: "/data/fwbuild-volumes/2.16.0/apps/ioled_firmware/esp8266/build_contexts/build_ctx_811448916/deps/rpc-uart"
shadow: Hash unchanged at 3c21f7bfd2f5e2cbaa8e3f4621ff3f964e669b64 (dir "/data/fwbuild-volumes/2.16.0/apps/ioled_firmware/esp8266/build_contexts/build_ctx_811448916/deps/shadow")
shadow: Prepared local dir: "/data/fwbuild-volumes/2.16.0/apps/ioled_firmware/esp8266/build_contexts/build_ctx_811448916/deps/shadow"
wifi-setup-web-ui: Hash unchanged at 959c130d239b784d883c6e9326dfe15ba58de7f6 (dir "/data/fwbuild-volumes/2.16.0/apps/ioled_firmware/esp8266/build_contexts/build_ctx_811448916/deps/wifi-setup-web-ui")
wifi-setup-web-ui: Prepared local dir: "/data/fwbuild-volumes/2.16.0/apps/ioled_firmware/esp8266/build_contexts/build_ctx_811448916/deps/wifi-setup-web-ui"
rpc-ws: Hash unchanged at e8e507f4a91eb96a0c664fa33319b2e4f0ed89b2 (dir "/data/fwbuild-volumes/2.16.0/apps/ioled_firmware/esp8266/build_contexts/build_ctx_811448916/deps/rpc-ws")
rpc-ws: Prepared local dir: "/data/fwbuild-volumes/2.16.0/apps/ioled_firmware/esp8266/build_contexts/build_ctx_811448916/deps/rpc-ws"
zz_boards: Done, hash 897a76f9b7306751dea4596f38df4486548ae2da
zz_boards: Hash unchanged at 897a76f9b7306751dea4596f38df4486548ae2da (dir "/data/fwbuild-volumes/2.16.0/apps/ioled_firmware/esp8266/build_contexts/build_ctx_811448916/deps/boards")
zz_boards: Prepared local dir: "/data/fwbuild-volumes/2.16.0/apps/ioled_firmware/esp8266/build_contexts/build_ctx_811448916/deps/boards"
rpc-loopback: Done, hash dec04b4ec1205e3fbf017a2cd3a5a3d8eceacd04
rpc-common: Done, hash df430a0f91d1dee218276991c546b73fec87d341
ota-common: Done, hash 8a552a23da06f8d9e9e50b0c2c46680c8a875c30
rpc-loopback: Hash unchanged at dec04b4ec1205e3fbf017a2cd3a5a3d8eceacd04 (dir "/data/fwbuild-volumes/2.16.0/apps/ioled_firmware/esp8266/build_contexts/build_ctx_811448916/deps/rpc-loopback")
rpc-loopback: Prepared local dir: "/data/fwbuild-volumes/2.16.0/apps/ioled_firmware/esp8266/build_contexts/build_ctx_811448916/deps/rpc-loopback"
rpc-common: Hash unchanged at df430a0f91d1dee218276991c546b73fec87d341 (dir "/data/fwbuild-volumes/2.16.0/apps/ioled_firmware/esp8266/build_contexts/build_ctx_811448916/deps/rpc-common")
rpc-common: Prepared local dir: "/data/fwbuild-volumes/2.16.0/apps/ioled_firmware/esp8266/build_contexts/build_ctx_811448916/deps/rpc-common"
ota-common: Hash unchanged at 8a552a23da06f8d9e9e50b0c2c46680c8a875c30 (dir "/data/fwbuild-volumes/2.16.0/apps/ioled_firmware/esp8266/build_contexts/build_ctx_811448916/deps/ota-common")
ota-common: Prepared local dir: "/data/fwbuild-volumes/2.16.0/apps/ioled_firmware/esp8266/build_contexts/build_ctx_811448916/deps/ota-common"
http-server: Done, hash c13d9801ef3914f7954cc2e3424a78b89cea7f25
rpc-service-ota: Done, hash 136c3e34bf6a831e5fc00e1d59f90fe475445987
rpc-service-ota: Hash unchanged at 136c3e34bf6a831e5fc00e1d59f90fe475445987 (dir "/data/fwbuild-volumes/2.16.0/apps/ioled_firmware/esp8266/build_contexts/build_ctx_811448916/deps/rpc-service-ota")
rpc-service-ota: Prepared local dir: "/data/fwbuild-volumes/2.16.0/apps/ioled_firmware/esp8266/build_contexts/build_ctx_811448916/deps/rpc-service-ota"
http-server: Hash unchanged at c13d9801ef3914f7954cc2e3424a78b89cea7f25 (dir "/data/fwbuild-volumes/2.16.0/apps/ioled_firmware/esp8266/build_contexts/build_ctx_811448916/deps/http-server")
http-server: Prepared local dir: "/data/fwbuild-volumes/2.16.0/apps/ioled_firmware/esp8266/build_contexts/build_ctx_811448916/deps/http-server"
dash: Done, hash d5cc863ce2db6d65ccc8ce1840f3354e8ec453b6
dash: Hash unchanged at d5cc863ce2db6d65ccc8ce1840f3354e8ec453b6 (dir "/data/fwbuild-volumes/2.16.0/apps/ioled_firmware/esp8266/build_contexts/build_ctx_811448916/deps/dash")
dash: Prepared local dir: "/data/fwbuild-volumes/2.16.0/apps/ioled_firmware/esp8266/build_contexts/build_ctx_811448916/deps/dash"
Handling lib "mongoose"...
mongoose: Checking out 2.16.0...
mongoose: Done, hash 7350059ea395ed9e48d90f34597100baa44d75d7
mongoose: Hash unchanged at 7350059ea395ed9e48d90f34597100baa44d75d7 (dir "/data/fwbuild-volumes/2.16.0/apps/ioled_firmware/esp8266/build_contexts/build_ctx_811448916/deps/mongoose")
mongoose: Prepared local dir: "/data/fwbuild-volumes/2.16.0/apps/ioled_firmware/esp8266/build_contexts/build_ctx_811448916/deps/mongoose"
Handling lib "location"...
Handling lib "sntp"...
sntp: Checking out 2.16.0...
location: Checking out 2.16.0...
location: Done, hash 6df89db17dd04ee5c58d664ca687de9a5b575e20
sntp: Done, hash 42591292134b829afbceeecd1d52cd510dd922c2
location: Hash unchanged at 6df89db17dd04ee5c58d664ca687de9a5b575e20 (dir "/data/fwbuild-volumes/2.16.0/apps/ioled_firmware/esp8266/build_contexts/build_ctx_811448916/deps/location")
location: Prepared local dir: "/data/fwbuild-volumes/2.16.0/apps/ioled_firmware/esp8266/build_contexts/build_ctx_811448916/deps/location"
sntp: Hash unchanged at 42591292134b829afbceeecd1d52cd510dd922c2 (dir "/data/fwbuild-volumes/2.16.0/apps/ioled_firmware/esp8266/build_contexts/build_ctx_811448916/deps/sntp")
sntp: Prepared local dir: "/data/fwbuild-volumes/2.16.0/apps/ioled_firmware/esp8266/build_contexts/build_ctx_811448916/deps/sntp"
Handling lib "ca-bundle"...
Handling lib "mqtt"...
ca-bundle: Checking out 2.16.0...
mqtt: Checking out 2.16.0...
ca-bundle: Done, hash 5ff49ea631f7f6e6d24c6d943272cfc6f5b166a1
mqtt: Done, hash 615da0fc264e713ee90c823af3a1bcff12739e89
ca-bundle: Hash unchanged at 5ff49ea631f7f6e6d24c6d943272cfc6f5b166a1 (dir "/data/fwbuild-volumes/2.16.0/apps/ioled_firmware/esp8266/build_contexts/build_ctx_811448916/deps/ca-bundle")
ca-bundle: Prepared local dir: "/data/fwbuild-volumes/2.16.0/apps/ioled_firmware/esp8266/build_contexts/build_ctx_811448916/deps/ca-bundle"
mqtt: Hash unchanged at 615da0fc264e713ee90c823af3a1bcff12739e89 (dir "/data/fwbuild-volumes/2.16.0/apps/ioled_firmware/esp8266/build_contexts/build_ctx_811448916/deps/mqtt")
mqtt: Prepared local dir: "/data/fwbuild-volumes/2.16.0/apps/ioled_firmware/esp8266/build_contexts/build_ctx_811448916/deps/mqtt"
Handling lib "ota-shadow"...
ota-shadow: Checking out 2.16.0...
ota-shadow: Done, hash b3b148e5c6c21ae226143c1f8025facea51228fc
ota-shadow: Hash unchanged at b3b148e5c6c21ae226143c1f8025facea51228fc (dir "/data/fwbuild-volumes/2.16.0/apps/ioled_firmware/esp8266/build_contexts/build_ctx_811448916/deps/ota-shadow")
ota-shadow: Prepared local dir: "/data/fwbuild-volumes/2.16.0/apps/ioled_firmware/esp8266/build_contexts/build_ctx_811448916/deps/ota-shadow"
Handling lib "vfs-common"...
Handling lib "mbedtls"...
vfs-common: Checking out 2.16.0...
mbedtls: Checking out 2.16.0...
vfs-common: Done, hash ae048a19d8f17f332d66fb42d1b072e8fde2b3fa
vfs-common: Hash unchanged at ae048a19d8f17f332d66fb42d1b072e8fde2b3fa (dir "/data/fwbuild-volumes/2.16.0/apps/ioled_firmware/esp8266/build_contexts/build_ctx_811448916/deps/vfs-common")
vfs-common: Prepared local dir: "/data/fwbuild-volumes/2.16.0/apps/ioled_firmware/esp8266/build_contexts/build_ctx_811448916/deps/vfs-common"
mbedtls: Done, hash c2878e94fd79017a5970a36d52b961de718cff66
mbedtls: Hash unchanged at c2878e94fd79017a5970a36d52b961de718cff66 (dir "/data/fwbuild-volumes/2.16.0/apps/ioled_firmware/esp8266/build_contexts/build_ctx_811448916/deps/mbedtls")
mbedtls: Prepared local dir: "/data/fwbuild-volumes/2.16.0/apps/ioled_firmware/esp8266/build_contexts/build_ctx_811448916/deps/mbedtls"
Handling lib "atca"...
atca: Checking out 2.16.0...
atca: Done, hash a6601b8d479e5b5fcf8855289d4fd25f14d964da
atca: Hash unchanged at a6601b8d479e5b5fcf8855289d4fd25f14d964da (dir "/data/fwbuild-volumes/2.16.0/apps/ioled_firmware/esp8266/build_contexts/build_ctx_811448916/deps/atca")
atca: Prepared local dir: "/data/fwbuild-volumes/2.16.0/apps/ioled_firmware/esp8266/build_contexts/build_ctx_811448916/deps/atca"
Handling lib "vfs-fs-spiffs"...
Handling lib "vfs-dev-part"...
vfs-dev-part: Checking out 2.16.0...
vfs-fs-spiffs: Checking out 2.16.0...
vfs-dev-part: Done, hash 94426df449f807e4268e1d1a3ee5146da85902da
vfs-fs-spiffs: Done, hash 6fef5f74fc5f8e07b6324759066c0e9d06653693
vfs-dev-part: Hash unchanged at 94426df449f807e4268e1d1a3ee5146da85902da (dir "/data/fwbuild-volumes/2.16.0/apps/ioled_firmware/esp8266/build_contexts/build_ctx_811448916/deps/vfs-dev-part")
vfs-dev-part: Prepared local dir: "/data/fwbuild-volumes/2.16.0/apps/ioled_firmware/esp8266/build_contexts/build_ctx_811448916/deps/vfs-dev-part"
vfs-fs-spiffs: Hash unchanged at 6fef5f74fc5f8e07b6324759066c0e9d06653693 (dir "/data/fwbuild-volumes/2.16.0/apps/ioled_firmware/esp8266/build_contexts/build_ctx_811448916/deps/vfs-fs-spiffs")
vfs-fs-spiffs: Prepared local dir: "/data/fwbuild-volumes/2.16.0/apps/ioled_firmware/esp8266/build_contexts/build_ctx_811448916/deps/vfs-fs-spiffs"
Handling lib "wifi"...
wifi: Checking out 2.16.0...
wifi: Done, hash 82464b62b437da134750806010d02a8902c7ee57
wifi: Hash unchanged at 82464b62b437da134750806010d02a8902c7ee57 (dir "/data/fwbuild-volumes/2.16.0/apps/ioled_firmware/esp8266/build_contexts/build_ctx_811448916/deps/wifi")
wifi: Prepared local dir: "/data/fwbuild-volumes/2.16.0/apps/ioled_firmware/esp8266/build_contexts/build_ctx_811448916/deps/wifi"
The flag --module is not given for the module "mjs_module", going to use the repository
mjs_module: Checking out 2.16.0...
mjs_module: Done, hash ba9001bfe1f52e5b91d4938b5070115236174999
The flag --repo is not given, going to use mongoose-os repository
mongoose-os: Checking out 2.16.0...
mongoose-os: Done, hash 9b779cd72d75c3d31d819c014646b5e606bbd725
Prebuilt binary for "mbedtls" already exists at "/data/fwbuild-volumes/2.16.0/apps/ioled_firmware/esp8266/build_contexts/build_ctx_811448916/build/objs/libmbedtls-esp8266-2.16.0.a"
Prebuilt binary for "mongoose" already exists at "/data/fwbuild-volumes/2.16.0/apps/ioled_firmware/esp8266/build_contexts/build_ctx_811448916/build/objs/libmongoose-esp8266-2.16.0.a"
Prebuilt binary for "ota-common" already exists at "/data/fwbuild-volumes/2.16.0/apps/ioled_firmware/esp8266/build_contexts/build_ctx_811448916/build/objs/libota-common-esp8266-2.16.0.a"
Prebuilt binary for "ota-http-client" already exists at "/data/fwbuild-volumes/2.16.0/apps/ioled_firmware/esp8266/build_contexts/build_ctx_811448916/build/objs/libota-http-client-esp8266-2.16.0.a"
Prebuilt binary for "ota-shadow" already exists at "/data/fwbuild-volumes/2.16.0/apps/ioled_firmware/esp8266/build_contexts/build_ctx_811448916/build/objs/libota-shadow-esp8266-2.16.0.a"
Prebuilt binary for "dash" already exists at "/data/fwbuild-volumes/2.16.0/apps/ioled_firmware/esp8266/build_contexts/build_ctx_811448916/build/objs/libdash-esp8266-2.16.0.a"
Prebuilt binary for "rpc-service-ota" already exists at "/data/fwbuild-volumes/2.16.0/apps/ioled_firmware/esp8266/build_contexts/build_ctx_811448916/build/objs/librpc-service-ota-esp8266-2.16.0.a"
Sources: [/data/fwbuild-volumes/2.16.0/apps/ioled_firmware/esp8266/build_contexts/build_ctx_811448916/build/gen/mgos_deps_init.c /data/fwbuild-volumes/2.16.0/apps/ioled_firmware/esp8266/build_contexts/build_ctx_811448916/deps/i2c/src/mgos_i2c_master.c /data/fwbuild-volumes/2.16.0/apps/ioled_firmware/esp8266/build_contexts/build_ctx_811448916/deps/i2c/src/gpio/mgos_i2c_gpio_master.c /data/fwbuild-volumes/2.16.0/apps/ioled_firmware/esp8266/build_contexts/build_ctx_811448916/deps/atca/src/mgos_atca.c /data/fwbuild-volumes/2.16.0/apps/ioled_firmware/esp8266/build_contexts/build_ctx_811448916/deps/atca/cryptoauthlib/lib/atca_cfgs.c /data/fwbuild-volumes/2.16.0/apps/ioled_firmware/esp8266/build_contexts/build_ctx_811448916/deps/atca/cryptoauthlib/lib/atca_command.c /data/fwbuild-volumes/2.16.0/apps/ioled_firmware/esp8266/build_contexts/build_ctx_811448916/deps/atca/cryptoauthlib/lib/atca_device.c /data/fwbuild-volumes/2.16.0/apps/ioled_firmware/esp8266/build_contexts/build_ctx_811448916/deps/atca/cryptoauthlib/lib/atca_iface.c /data/fwbuild-volumes/2.16.0/apps/ioled_firmware/esp8266/build_contexts/build_ctx_811448916/deps/atca/cryptoauthlib/lib/basic/atca_basic.c /data/fwbuild-volumes/2.16.0/apps/ioled_firmware/esp8266/build_contexts/build_ctx_811448916/deps/atca/cryptoauthlib/lib/basic/atca_helpers.c /data/fwbuild-volumes/2.16.0/apps/ioled_firmware/esp8266/build_contexts/build_ctx_811448916/deps/atca/cryptoauthlib/lib/host/atca_host.c /data/fwbuild-volumes/2.16.0/apps/ioled_firmware/esp8266/build_contexts/build_ctx_811448916/deps/vfs-common/src/mgos_vfs.c /data/fwbuild-volumes/2.16.0/apps/ioled_firmware/esp8266/build_contexts/build_ctx_811448916/deps/vfs-common/src/mgos_vfs_dev.c /data/fwbuild-volumes/2.16.0/apps/ioled_firmware/esp8266/build_contexts/build_ctx_811448916/deps/vfs-common/src/mgos_vfs_internal.c /data/fwbuild-volumes/2.16.0/apps/ioled_firmware/esp8266/build_contexts/build_ctx_811448916/deps/vfs-common/src/esp8266/esp_flash_writer.c /data/fwbuild-volumes/2.16.0/apps/ioled_firmware/esp8266/build_contexts/build_ctx_811448916/deps/vfs-common/src/esp8266/esp_fs.c /data/fwbuild-volumes/2.16.0/apps/ioled_firmware/esp8266/build_contexts/build_ctx_811448916/deps/vfs-common/src/esp8266/esp_vfs_dev_sysflash.c /data/fwbuild-volumes/2.16.0/apps/ioled_firmware/esp8266/build_contexts/build_ctx_811448916/deps/vfs-dev-part/src/mgos_vfs_dev_part.c /data/fwbuild-volumes/2.16.0/apps/ioled_firmware/esp8266/build_contexts/build_ctx_811448916/deps/vfs-fs-spiffs/src/mgos_vfs_fs_spiffs.c /data/fwbuild-volumes/2.16.0/apps/ioled_firmware/esp8266/build_contexts/build_ctx_811448916/deps/vfs-fs-spiffs/src/spiffs/spiffs_cache.c /data/fwbuild-volumes/2.16.0/apps/ioled_firmware/esp8266/build_contexts/build_ctx_811448916/deps/vfs-fs-spiffs/src/spiffs/spiffs_check.c /data/fwbuild-volumes/2.16.0/apps/ioled_firmware/esp8266/build_contexts/build_ctx_811448916/deps/vfs-fs-spiffs/src/spiffs/spiffs_gc.c /data/fwbuild-volumes/2.16.0/apps/ioled_firmware/esp8266/build_contexts/build_ctx_811448916/deps/vfs-fs-spiffs/src/spiffs/spiffs_hydrogen.c /data/fwbuild-volumes/2.16.0/apps/ioled_firmware/esp8266/build_contexts/build_ctx_811448916/deps/vfs-fs-spiffs/src/spiffs/spiffs_nucleus.c /data/fwbuild-volumes/2.16.0/apps/ioled_firmware/esp8266/build_contexts/build_ctx_811448916/deps/core/src/mgos_core.c /data/fwbuild-volumes/2.16.0/apps/ioled_firmware/esp8266/build_contexts/build_ctx_811448916/deps/core/src/esp8266/esp_rboot.c /data/fwbuild-volumes/2.16.0/apps/ioled_firmware/esp8266/build_contexts/build_ctx_811448916/deps/location/src/mgos_location.c /data/fwbuild-volumes/2.16.0/apps/ioled_firmware/esp8266/build_contexts/build_ctx_811448916/deps/sntp/src/mgos_sntp.c /data/fwbuild-volumes/2.16.0/apps/ioled_firmware/esp8266/build_contexts/build_ctx_811448916/deps/cron/src/ccronexpr.c /data/fwbuild-volumes/2.16.0/apps/ioled_firmware/esp8266/build_contexts/build_ctx_811448916/deps/cron/src/mgos_cron.c /data/fwbuild-volumes/2.16.0/apps/ioled_firmware/esp8266/build_contexts/build_ctx_811448916/deps/cron/src/sunriset.c /data/fwbuild-volumes/2.16.0/apps/ioled_firmware/esp8266/build_contexts/build_ctx_811448916/deps/shadow/src/mgos_shadow.c /data/fwbuild-volumes/2.16.0/apps/ioled_firmware/esp8266/build_contexts/build_ctx_811448916/deps/rpc-common/src/mg_rpc.c /data/fwbuild-volumes/2.16.0/apps/ioled_firmware/esp8266/build_contexts/build_ctx_811448916/deps/rpc-common/src/mg_rpc_channel.c /data/fwbuild-volumes/2.16.0/apps/ioled_firmware/esp8266/build_contexts/build_ctx_811448916/deps/rpc-common/src/mg_rpc_channel_http.c /data/fwbuild-volumes/2.16.0/apps/ioled_firmware/esp8266/build_contexts/build_ctx_811448916/deps/rpc-common/src/mgos_rpc.c /data/fwbuild-volumes/2.16.0/apps/ioled_firmware/esp8266/build_contexts/build_ctx_811448916/deps/rpc-ws/src/mgos_rpc_channel_ws.c /data/fwbuild-volumes/2.16.0/apps/ioled_firmware/esp8266/build_contexts/build_ctx_811448916/deps/rpc-ws/src/mgos_rpc_ws.c /data/fwbuild-volumes/2.16.0/apps/ioled_firmware/esp8266/build_contexts/build_ctx_811448916/deps/mqtt/src/mgos_mqtt.c /data/fwbuild-volumes/2.16.0/apps/ioled_firmware/esp8266/build_contexts/build_ctx_811448916/deps/gcp/src/mgos_gcp.c /data/fwbuild-volumes/2.16.0/apps/ioled_firmware/esp8266/build_contexts/build_ctx_811448916/deps/http-server/src/mgos_http_server.c /data/fwbuild-volumes/2.16.0/apps/ioled_firmware/esp8266/build_contexts/build_ctx_811448916/deps/mjs/src/mos_mjs.c /data/fwbuild-volumes/2.16.0/apps/ioled_firmware/esp8266/build_contexts/build_ctx_811448916/deps/modules/mjs/mjs.c /data/fwbuild-volumes/2.16.0/apps/ioled_firmware/esp8266/build_contexts/build_ctx_811448916/deps/mjs/esp8266/src/esp8266_mjs.c /data/fwbuild-volumes/2.16.0/apps/ioled_firmware/esp8266/build_contexts/build_ctx_811448916/deps/neopixel/src/mgos_neopixel.c /data/fwbuild-volumes/2.16.0/apps/ioled_firmware/esp8266/build_contexts/build_ctx_811448916/deps/pwm/src/mgos_pwm.c /data/fwbuild-volumes/2.16.0/apps/ioled_firmware/esp8266/build_contexts/build_ctx_811448916/deps/pwm/src/mgos_pwm_rgb_led.c /data/fwbuild-volumes/2.16.0/apps/ioled_firmware/esp8266/build_contexts/build_ctx_811448916/deps/pwm/src/esp8266/esp_pwm.c /data/fwbuild-volumes/2.16.0/apps/ioled_firmware/esp8266/build_contexts/build_ctx_811448916/deps/rpc-loopback/src/mg_rpc_channel_loopback.c /data/fwbuild-volumes/2.16.0/apps/ioled_firmware/esp8266/build_contexts/build_ctx_811448916/deps/rpc-service-config/src/mgos_service_config.c /data/fwbuild-volumes/2.16.0/apps/ioled_firmware/esp8266/build_contexts/build_ctx_811448916/deps/rpc-service-fs/src/mgos_service_filesystem.c /data/fwbuild-volumes/2.16.0/apps/ioled_firmware/esp8266/build_contexts/build_ctx_811448916/deps/rpc-service-i2c/src/mgos_i2c_service.c /data/fwbuild-volumes/2.16.0/apps/ioled_firmware/esp8266/build_contexts/build_ctx_811448916/deps/rpc-uart/src/mgos_rpc_channel_uart.c /data/fwbuild-volumes/2.16.0/apps/ioled_firmware/esp8266/build_contexts/build_ctx_811448916/deps/wifi/src/mgos_wifi.c /data/fwbuild-volumes/2.16.0/apps/ioled_firmware/esp8266/build_contexts/build_ctx_811448916/deps/wifi/src/mjs_wifi.c /data/fwbuild-volumes/2.16.0/apps/ioled_firmware/esp8266/build_contexts/build_ctx_811448916/deps/wifi/src/esp8266/esp_wifi.c]
Include dirs: [/data/fwbuild-volumes/2.16.0/apps/ioled_firmware/esp8266/build_contexts/build_ctx_811448916/deps/i2c/include /data/fwbuild-volumes/2.16.0/apps/ioled_firmware/esp8266/build_contexts/build_ctx_811448916/deps/atca/include /data/fwbuild-volumes/2.16.0/apps/ioled_firmware/esp8266/build_contexts/build_ctx_811448916/deps/atca/cryptoauthlib/lib /data/fwbuild-volumes/2.16.0/apps/ioled_firmware/esp8266/build_contexts/build_ctx_811448916/deps/mbedtls/include /data/fwbuild-volumes/2.16.0/apps/ioled_firmware/esp8266/build_contexts/build_ctx_811448916/deps/mbedtls/include/esp8266 /data/fwbuild-volumes/2.16.0/apps/ioled_firmware/esp8266/build_contexts/build_ctx_811448916/deps/mbedtls/mbedtls/include /data/fwbuild-volumes/2.16.0/apps/ioled_firmware/esp8266/build_contexts/build_ctx_811448916/deps/vfs-common/include /data/fwbuild-volumes/2.16.0/apps/ioled_firmware/esp8266/build_contexts/build_ctx_811448916/deps/vfs-common/include/esp8266 /data/fwbuild-volumes/2.16.0/apps/ioled_firmware/esp8266/build_contexts/build_ctx_811448916/deps/mongoose/include /data/fwbuild-volumes/2.16.0/apps/ioled_firmware/esp8266/build_contexts/build_ctx_811448916/deps/vfs-dev-part/include /data/fwbuild-volumes/2.16.0/apps/ioled_firmware/esp8266/build_contexts/build_ctx_811448916/deps/vfs-fs-spiffs/include /data/fwbuild-volumes/2.16.0/apps/ioled_firmware/esp8266/build_contexts/build_ctx_811448916/deps/vfs-fs-spiffs/include/spiffs /data/fwbuild-volumes/2.16.0/apps/ioled_firmware/esp8266/build_contexts/build_ctx_811448916/deps/vfs-fs-spiffs/include/esp8266 /data/fwbuild-volumes/2.16.0/apps/ioled_firmware/esp8266/build_contexts/build_ctx_811448916/deps/core/include /data/fwbuild-volumes/2.16.0/apps/ioled_firmware/esp8266/build_contexts/build_ctx_811448916/deps/core/include/esp8266 /data/fwbuild-volumes/2.16.0/apps/ioled_firmware/esp8266/build_contexts/build_ctx_811448916/deps/location/include /data/fwbuild-volumes/2.16.0/apps/ioled_firmware/esp8266/build_contexts/build_ctx_811448916/deps/cron/include /data/fwbuild-volumes/2.16.0/apps/ioled_firmware/esp8266/build_contexts/build_ctx_811448916/deps/ota-common/src /data/fwbuild-volumes/2.16.0/apps/ioled_firmware/esp8266/build_contexts/build_ctx_811448916/deps/ota-common/include /data/fwbuild-volumes/2.16.0/apps/ioled_firmware/esp8266/build_contexts/build_ctx_811448916/deps/ota-common/include/esp8266 /data/fwbuild-volumes/2.16.0/apps/ioled_firmware/esp8266/build_contexts/build_ctx_811448916/deps/ota-http-client/include /data/fwbuild-volumes/2.16.0/apps/ioled_firmware/esp8266/build_contexts/build_ctx_811448916/deps/shadow/include /data/fwbuild-volumes/2.16.0/apps/ioled_firmware/esp8266/build_contexts/build_ctx_811448916/deps/rpc-common/include /data/fwbuild-volumes/2.16.0/apps/ioled_firmware/esp8266/build_contexts/build_ctx_811448916/deps/rpc-ws/include /data/fwbuild-volumes/2.16.0/apps/ioled_firmware/esp8266/build_contexts/build_ctx_811448916/deps/dash/include /data/fwbuild-volumes/2.16.0/apps/ioled_firmware/esp8266/build_contexts/build_ctx_811448916/deps/mqtt/include /data/fwbuild-volumes/2.16.0/apps/ioled_firmware/esp8266/build_contexts/build_ctx_811448916/deps/gcp/include /data/fwbuild-volumes/2.16.0/apps/ioled_firmware/esp8266/build_contexts/build_ctx_811448916/deps/http-server/include /data/fwbuild-volumes/2.16.0/apps/ioled_firmware/esp8266/build_contexts/build_ctx_811448916/deps/mjs/include /data/fwbuild-volumes/2.16.0/apps/ioled_firmware/esp8266/build_contexts/build_ctx_811448916/deps/neopixel/include /data/fwbuild-volumes/2.16.0/apps/ioled_firmware/esp8266/build_contexts/build_ctx_811448916/deps/pwm/include /data/fwbuild-volumes/2.16.0/apps/ioled_firmware/esp8266/build_contexts/build_ctx_811448916/deps/rpc-loopback/include /data/fwbuild-volumes/2.16.0/apps/ioled_firmware/esp8266/build_contexts/build_ctx_811448916/deps/rpc-service-config/include /data/fwbuild-volumes/2.16.0/apps/ioled_firmware/esp8266/build_contexts/build_ctx_811448916/deps/rpc-service-fs/include /data/fwbuild-volumes/2.16.0/apps/ioled_firmware/esp8266/build_contexts/build_ctx_811448916/deps/rpc-service-i2c/include /data/fwbuild-volumes/2.16.0/apps/ioled_firmware/esp8266/build_contexts/build_ctx_811448916/deps/rpc-service-ota/include /data/fwbuild-volumes/2.16.0/apps/ioled_firmware/esp8266/build_contexts/build_ctx_811448916/deps/rpc-uart/include /data/fwbuild-volumes/2.16.0/apps/ioled_firmware/esp8266/build_contexts/build_ctx_811448916/deps/wifi/include /data/fwbuild-volumes/2.16.0/apps/ioled_firmware/esp8266/build_contexts/build_ctx_811448916/deps/wifi/include/esp8266]
Binary libs: [/data/fwbuild-volumes/2.16.0/apps/ioled_firmware/esp8266/build_contexts/build_ctx_811448916/build/objs/libmbedtls-esp8266-2.16.0.a /data/fwbuild-volumes/2.16.0/apps/ioled_firmware/esp8266/build_contexts/build_ctx_811448916/build/objs/libmongoose-esp8266-2.16.0.a /data/fwbuild-volumes/2.16.0/apps/ioled_firmware/esp8266/build_contexts/build_ctx_811448916/build/objs/libota-common-esp8266-2.16.0.a /data/fwbuild-volumes/2.16.0/apps/ioled_firmware/esp8266/build_contexts/build_ctx_811448916/build/objs/libota-http-client-esp8266-2.16.0.a /data/fwbuild-volumes/2.16.0/apps/ioled_firmware/esp8266/build_contexts/build_ctx_811448916/build/objs/libota-shadow-esp8266-2.16.0.a /data/fwbuild-volumes/2.16.0/apps/ioled_firmware/esp8266/build_contexts/build_ctx_811448916/build/objs/libdash-esp8266-2.16.0.a /data/fwbuild-volumes/2.16.0/apps/ioled_firmware/esp8266/build_contexts/build_ctx_811448916/build/objs/librpc-service-ota-esp8266-2.16.0.a]
Building...
mount from "/data/fwbuild-volumes/2.16.0/apps/ioled_firmware/esp8266/build_contexts/build_ctx_811448916" to "/app"
mount from "/data/fwbuild-volumes/2.16.0/apps/ioled_firmware/esp8266/build_contexts/build_ctx_811448916/deps/modules/mongoose-os" to "/mongoose-os"
mount from "/data/fwbuild-volumes/2.16.0/apps/ioled_firmware/esp8266/build_contexts/build_ctx_811448916/deps/modules/mongoose-os" to "/data/fwbuild-volumes/2.16.0/apps/ioled_firmware/esp8266/build_contexts/build_ctx_811448916/deps/modules/mongoose-os"
mount from "/data/fwbuild-volumes/2.16.0/apps/ioled_firmware/esp8266/build_contexts/build_ctx_811448916/build" to "/data/fwbuild-volumes/2.16.0/apps/ioled_firmware/esp8266/build_contexts/build_ctx_811448916/build"
mount from "/data/fwbuild-volumes/2.16.0/apps/ioled_firmware/esp8266/build_contexts/build_ctx_811448916/build/gen" to "/data/fwbuild-volumes/2.16.0/apps/ioled_firmware/esp8266/build_contexts/build_ctx_811448916/build/gen"
mount from "/data/fwbuild-volumes/2.16.0/apps/ioled_firmware/esp8266/build_contexts/build_ctx_811448916/deps/i2c/src" to "/data/fwbuild-volumes/2.16.0/apps/ioled_firmware/esp8266/build_contexts/build_ctx_811448916/deps/i2c/src"
mount from "/data/fwbuild-volumes/2.16.0/apps/ioled_firmware/esp8266/build_contexts/build_ctx_811448916/deps/i2c/src/gpio" to "/data/fwbuild-volumes/2.16.0/apps/ioled_firmware/esp8266/build_contexts/build_ctx_811448916/deps/i2c/src/gpio"
mount from "/data/fwbuild-volumes/2.16.0/apps/ioled_firmware/esp8266/build_contexts/build_ctx_811448916/deps/atca/src" to "/data/fwbuild-volumes/2.16.0/apps/ioled_firmware/esp8266/build_contexts/build_ctx_811448916/deps/atca/src"
mount from "/data/fwbuild-volumes/2.16.0/apps/ioled_firmware/esp8266/build_contexts/build_ctx_811448916/deps/atca/cryptoauthlib/lib" to "/data/fwbuild-volumes/2.16.0/apps/ioled_firmware/esp8266/build_contexts/build_ctx_811448916/deps/atca/cryptoauthlib/lib"
mount from "/data/fwbuild-volumes/2.16.0/apps/ioled_firmware/esp8266/build_contexts/build_ctx_811448916/deps/atca/cryptoauthlib/lib/basic" to "/data/fwbuild-volumes/2.16.0/apps/ioled_firmware/esp8266/build_contexts/build_ctx_811448916/deps/atca/cryptoauthlib/lib/basic"
mount from "/data/fwbuild-volumes/2.16.0/apps/ioled_firmware/esp8266/build_contexts/build_ctx_811448916/deps/atca/cryptoauthlib/lib/crypto" to "/data/fwbuild-volumes/2.16.0/apps/ioled_firmware/esp8266/build_contexts/build_ctx_811448916/deps/atca/cryptoauthlib/lib/crypto"
mount from "/data/fwbuild-volumes/2.16.0/apps/ioled_firmware/esp8266/build_contexts/build_ctx_811448916/deps/atca/cryptoauthlib/lib/hal" to "/data/fwbuild-volumes/2.16.0/apps/ioled_firmware/esp8266/build_contexts/build_ctx_811448916/deps/atca/cryptoauthlib/lib/hal"
mount from "/data/fwbuild-volumes/2.16.0/apps/ioled_firmware/esp8266/build_contexts/build_ctx_811448916/deps/atca/cryptoauthlib/lib/host" to "/data/fwbuild-volumes/2.16.0/apps/ioled_firmware/esp8266/build_contexts/build_ctx_811448916/deps/atca/cryptoauthlib/lib/host"
mount from "/data/fwbuild-volumes/2.16.0/apps/ioled_firmware/esp8266/build_contexts/build_ctx_811448916/deps/vfs-common/src" to "/data/fwbuild-volumes/2.16.0/apps/ioled_firmware/esp8266/build_contexts/build_ctx_811448916/deps/vfs-common/src"
mount from "/data/fwbuild-volumes/2.16.0/apps/ioled_firmware/esp8266/build_contexts/build_ctx_811448916/deps/vfs-common/src/esp8266" to "/data/fwbuild-volumes/2.16.0/apps/ioled_firmware/esp8266/build_contexts/build_ctx_811448916/deps/vfs-common/src/esp8266"
mount from "/data/fwbuild-volumes/2.16.0/apps/ioled_firmware/esp8266/build_contexts/build_ctx_811448916/deps/vfs-dev-part/src" to "/data/fwbuild-volumes/2.16.0/apps/ioled_firmware/esp8266/build_contexts/build_ctx_811448916/deps/vfs-dev-part/src"
mount from "/data/fwbuild-volumes/2.16.0/apps/ioled_firmware/esp8266/build_contexts/build_ctx_811448916/deps/vfs-fs-spiffs/src" to "/data/fwbuild-volumes/2.16.0/apps/ioled_firmware/esp8266/build_contexts/build_ctx_811448916/deps/vfs-fs-spiffs/src"
mount from "/data/fwbuild-volumes/2.16.0/apps/ioled_firmware/esp8266/build_contexts/build_ctx_811448916/deps/vfs-fs-spiffs/src/spiffs" to "/data/fwbuild-volumes/2.16.0/apps/ioled_firmware/esp8266/build_contexts/build_ctx_811448916/deps/vfs-fs-spiffs/src/spiffs"
mount from "/data/fwbuild-volumes/2.16.0/apps/ioled_firmware/esp8266/build_contexts/build_ctx_811448916/deps/core/src" to "/data/fwbuild-volumes/2.16.0/apps/ioled_firmware/esp8266/build_contexts/build_ctx_811448916/deps/core/src"
mount from "/data/fwbuild-volumes/2.16.0/apps/ioled_firmware/esp8266/build_contexts/build_ctx_811448916/deps/core/src/esp8266" to "/data/fwbuild-volumes/2.16.0/apps/ioled_firmware/esp8266/build_contexts/build_ctx_811448916/deps/core/src/esp8266"
mount from "/data/fwbuild-volumes/2.16.0/apps/ioled_firmware/esp8266/build_contexts/build_ctx_811448916/deps/location/src" to "/data/fwbuild-volumes/2.16.0/apps/ioled_firmware/esp8266/build_contexts/build_ctx_811448916/deps/location/src"
mount from "/data/fwbuild-volumes/2.16.0/apps/ioled_firmware/esp8266/build_contexts/build_ctx_811448916/deps/sntp/src" to "/data/fwbuild-volumes/2.16.0/apps/ioled_firmware/esp8266/build_contexts/build_ctx_811448916/deps/sntp/src"
mount from "/data/fwbuild-volumes/2.16.0/apps/ioled_firmware/esp8266/build_contexts/build_ctx_811448916/deps/cron/src" to "/data/fwbuild-volumes/2.16.0/apps/ioled_firmware/esp8266/build_contexts/build_ctx_811448916/deps/cron/src"
mount from "/data/fwbuild-volumes/2.16.0/apps/ioled_firmware/esp8266/build_contexts/build_ctx_811448916/deps/shadow/src" to "/data/fwbuild-volumes/2.16.0/apps/ioled_firmware/esp8266/build_contexts/build_ctx_811448916/deps/shadow/src"
mount from "/data/fwbuild-volumes/2.16.0/apps/ioled_firmware/esp8266/build_contexts/build_ctx_811448916/deps/rpc-common/src" to "/data/fwbuild-volumes/2.16.0/apps/ioled_firmware/esp8266/build_contexts/build_ctx_811448916/deps/rpc-common/src"
mount from "/data/fwbuild-volumes/2.16.0/apps/ioled_firmware/esp8266/build_contexts/build_ctx_811448916/deps/rpc-ws/src" to "/data/fwbuild-volumes/2.16.0/apps/ioled_firmware/esp8266/build_contexts/build_ctx_811448916/deps/rpc-ws/src"
mount from "/data/fwbuild-volumes/2.16.0/apps/ioled_firmware/esp8266/build_contexts/build_ctx_811448916/deps/mqtt/src" to "/data/fwbuild-volumes/2.16.0/apps/ioled_firmware/esp8266/build_contexts/build_ctx_811448916/deps/mqtt/src"
mount from "/data/fwbuild-volumes/2.16.0/apps/ioled_firmware/esp8266/build_contexts/build_ctx_811448916/deps/gcp/src" to "/data/fwbuild-volumes/2.16.0/apps/ioled_firmware/esp8266/build_contexts/build_ctx_811448916/deps/gcp/src"
mount from "/data/fwbuild-volumes/2.16.0/apps/ioled_firmware/esp8266/build_contexts/build_ctx_811448916/deps/http-server/src" to "/data/fwbuild-volumes/2.16.0/apps/ioled_firmware/esp8266/build_contexts/build_ctx_811448916/deps/http-server/src"
mount from "/data/fwbuild-volumes/2.16.0/apps/ioled_firmware/esp8266/build_contexts/build_ctx_811448916/deps/mjs/src" to "/data/fwbuild-volumes/2.16.0/apps/ioled_firmware/esp8266/build_contexts/build_ctx_811448916/deps/mjs/src"
mount from "/data/fwbuild-volumes/2.16.0/apps/ioled_firmware/esp8266/build_contexts/build_ctx_811448916/deps/modules/mjs" to "/data/fwbuild-volumes/2.16.0/apps/ioled_firmware/esp8266/build_contexts/build_ctx_811448916/deps/modules/mjs"
mount from "/data/fwbuild-volumes/2.16.0/apps/ioled_firmware/esp8266/build_contexts/build_ctx_811448916/deps/mjs/esp8266/src" to "/data/fwbuild-volumes/2.16.0/apps/ioled_firmware/esp8266/build_contexts/build_ctx_811448916/deps/mjs/esp8266/src"
mount from "/data/fwbuild-volumes/2.16.0/apps/ioled_firmware/esp8266/build_contexts/build_ctx_811448916/deps/neopixel/src" to "/data/fwbuild-volumes/2.16.0/apps/ioled_firmware/esp8266/build_contexts/build_ctx_811448916/deps/neopixel/src"
mount from "/data/fwbuild-volumes/2.16.0/apps/ioled_firmware/esp8266/build_contexts/build_ctx_811448916/deps/pwm/src" to "/data/fwbuild-volumes/2.16.0/apps/ioled_firmware/esp8266/build_contexts/build_ctx_811448916/deps/pwm/src"
mount from "/data/fwbuild-volumes/2.16.0/apps/ioled_firmware/esp8266/build_contexts/build_ctx_811448916/deps/pwm/src/esp8266" to "/data/fwbuild-volumes/2.16.0/apps/ioled_firmware/esp8266/build_contexts/build_ctx_811448916/deps/pwm/src/esp8266"
mount from "/data/fwbuild-volumes/2.16.0/apps/ioled_firmware/esp8266/build_contexts/build_ctx_811448916/deps/rpc-loopback/src" to "/data/fwbuild-volumes/2.16.0/apps/ioled_firmware/esp8266/build_contexts/build_ctx_811448916/deps/rpc-loopback/src"
mount from "/data/fwbuild-volumes/2.16.0/apps/ioled_firmware/esp8266/build_contexts/build_ctx_811448916/deps/rpc-service-config/src" to "/data/fwbuild-volumes/2.16.0/apps/ioled_firmware/esp8266/build_contexts/build_ctx_811448916/deps/rpc-service-config/src"
mount from "/data/fwbuild-volumes/2.16.0/apps/ioled_firmware/esp8266/build_contexts/build_ctx_811448916/deps/rpc-service-fs/src" to "/data/fwbuild-volumes/2.16.0/apps/ioled_firmware/esp8266/build_contexts/build_ctx_811448916/deps/rpc-service-fs/src"
mount from "/data/fwbuild-volumes/2.16.0/apps/ioled_firmware/esp8266/build_contexts/build_ctx_811448916/deps/rpc-service-i2c/src" to "/data/fwbuild-volumes/2.16.0/apps/ioled_firmware/esp8266/build_contexts/build_ctx_811448916/deps/rpc-service-i2c/src"
mount from "/data/fwbuild-volumes/2.16.0/apps/ioled_firmware/esp8266/build_contexts/build_ctx_811448916/deps/rpc-uart/src" to "/data/fwbuild-volumes/2.16.0/apps/ioled_firmware/esp8266/build_contexts/build_ctx_811448916/deps/rpc-uart/src"
mount from "/data/fwbuild-volumes/2.16.0/apps/ioled_firmware/esp8266/build_contexts/build_ctx_811448916/deps/wifi/src" to "/data/fwbuild-volumes/2.16.0/apps/ioled_firmware/esp8266/build_contexts/build_ctx_811448916/deps/wifi/src"
mount from "/data/fwbuild-volumes/2.16.0/apps/ioled_firmware/esp8266/build_contexts/build_ctx_811448916/deps/wifi/src/esp8266" to "/data/fwbuild-volumes/2.16.0/apps/ioled_firmware/esp8266/build_contexts/build_ctx_811448916/deps/wifi/src/esp8266"
mount from "/data/fwbuild-volumes/2.16.0/apps/ioled_firmware/esp8266/build_contexts/build_ctx_811448916/deps/i2c/include" to "/data/fwbuild-volumes/2.16.0/apps/ioled_firmware/esp8266/build_contexts/build_ctx_811448916/deps/i2c/include"
mount from "/data/fwbuild-volumes/2.16.0/apps/ioled_firmware/esp8266/build_contexts/build_ctx_811448916/deps/atca/include" to "/data/fwbuild-volumes/2.16.0/apps/ioled_firmware/esp8266/build_contexts/build_ctx_811448916/deps/atca/include"
mount from "/data/fwbuild-volumes/2.16.0/apps/ioled_firmware/esp8266/build_contexts/build_ctx_811448916/deps/atca/cryptoauthlib/lib" to "/data/fwbuild-volumes/2.16.0/apps/ioled_firmware/esp8266/build_contexts/build_ctx_811448916/deps/atca/cryptoauthlib/lib"
mount from "/data/fwbuild-volumes/2.16.0/apps/ioled_firmware/esp8266/build_contexts/build_ctx_811448916/deps/mbedtls/include" to "/data/fwbuild-volumes/2.16.0/apps/ioled_firmware/esp8266/build_contexts/build_ctx_811448916/deps/mbedtls/include"
mount from "/data/fwbuild-volumes/2.16.0/apps/ioled_firmware/esp8266/build_contexts/build_ctx_811448916/deps/mbedtls/include/esp8266" to "/data/fwbuild-volumes/2.16.0/apps/ioled_firmware/esp8266/build_contexts/build_ctx_811448916/deps/mbedtls/include/esp8266"
mount from "/data/fwbuild-volumes/2.16.0/apps/ioled_firmware/esp8266/build_contexts/build_ctx_811448916/deps/mbedtls/mbedtls/include" to "/data/fwbuild-volumes/2.16.0/apps/ioled_firmware/esp8266/build_contexts/build_ctx_811448916/deps/mbedtls/mbedtls/include"
mount from "/data/fwbuild-volumes/2.16.0/apps/ioled_firmware/esp8266/build_contexts/build_ctx_811448916/deps/vfs-common/include" to "/data/fwbuild-volumes/2.16.0/apps/ioled_firmware/esp8266/build_contexts/build_ctx_811448916/deps/vfs-common/include"
mount from "/data/fwbuild-volumes/2.16.0/apps/ioled_firmware/esp8266/build_contexts/build_ctx_811448916/deps/vfs-common/include/esp8266" to "/data/fwbuild-volumes/2.16.0/apps/ioled_firmware/esp8266/build_contexts/build_ctx_811448916/deps/vfs-common/include/esp8266"
mount from "/data/fwbuild-volumes/2.16.0/apps/ioled_firmware/esp8266/build_contexts/build_ctx_811448916/deps/mongoose/include" to "/data/fwbuild-volumes/2.16.0/apps/ioled_firmware/esp8266/build_contexts/build_ctx_811448916/deps/mongoose/include"
mount from "/data/fwbuild-volumes/2.16.0/apps/ioled_firmware/esp8266/build_contexts/build_ctx_811448916/deps/vfs-dev-part/include" to "/data/fwbuild-volumes/2.16.0/apps/ioled_firmware/esp8266/build_contexts/build_ctx_811448916/deps/vfs-dev-part/include"
mount from "/data/fwbuild-volumes/2.16.0/apps/ioled_firmware/esp8266/build_contexts/build_ctx_811448916/deps/vfs-fs-spiffs/include" to "/data/fwbuild-volumes/2.16.0/apps/ioled_firmware/esp8266/build_contexts/build_ctx_811448916/deps/vfs-fs-spiffs/include"
mount from "/data/fwbuild-volumes/2.16.0/apps/ioled_firmware/esp8266/build_contexts/build_ctx_811448916/deps/vfs-fs-spiffs/include/spiffs" to "/data/fwbuild-volumes/2.16.0/apps/ioled_firmware/esp8266/build_contexts/build_ctx_811448916/deps/vfs-fs-spiffs/include/spiffs"
mount from "/data/fwbuild-volumes/2.16.0/apps/ioled_firmware/esp8266/build_contexts/build_ctx_811448916/deps/vfs-fs-spiffs/include/esp8266" to "/data/fwbuild-volumes/2.16.0/apps/ioled_firmware/esp8266/build_contexts/build_ctx_811448916/deps/vfs-fs-spiffs/include/esp8266"
mount from "/data/fwbuild-volumes/2.16.0/apps/ioled_firmware/esp8266/build_contexts/build_ctx_811448916/deps/core/include" to "/data/fwbuild-volumes/2.16.0/apps/ioled_firmware/esp8266/build_contexts/build_ctx_811448916/deps/core/include"
mount from "/data/fwbuild-volumes/2.16.0/apps/ioled_firmware/esp8266/build_contexts/build_ctx_811448916/deps/core/include/esp8266" to "/data/fwbuild-volumes/2.16.0/apps/ioled_firmware/esp8266/build_contexts/build_ctx_811448916/deps/core/include/esp8266"
mount from "/data/fwbuild-volumes/2.16.0/apps/ioled_firmware/esp8266/build_contexts/build_ctx_811448916/deps/location/include" to "/data/fwbuild-volumes/2.16.0/apps/ioled_firmware/esp8266/build_contexts/build_ctx_811448916/deps/location/include"
mount from "/data/fwbuild-volumes/2.16.0/apps/ioled_firmware/esp8266/build_contexts/build_ctx_811448916/deps/cron/include" to "/data/fwbuild-volumes/2.16.0/apps/ioled_firmware/esp8266/build_contexts/build_ctx_811448916/deps/cron/include"
mount from "/data/fwbuild-volumes/2.16.0/apps/ioled_firmware/esp8266/build_contexts/build_ctx_811448916/deps/ota-common/include" to "/data/fwbuild-volumes/2.16.0/apps/ioled_firmware/esp8266/build_contexts/build_ctx_811448916/deps/ota-common/include"
mount from "/data/fwbuild-volumes/2.16.0/apps/ioled_firmware/esp8266/build_contexts/build_ctx_811448916/deps/ota-http-client/include" to "/data/fwbuild-volumes/2.16.0/apps/ioled_firmware/esp8266/build_contexts/build_ctx_811448916/deps/ota-http-client/include"
mount from "/data/fwbuild-volumes/2.16.0/apps/ioled_firmware/esp8266/build_contexts/build_ctx_811448916/deps/shadow/include" to "/data/fwbuild-volumes/2.16.0/apps/ioled_firmware/esp8266/build_contexts/build_ctx_811448916/deps/shadow/include"
mount from "/data/fwbuild-volumes/2.16.0/apps/ioled_firmware/esp8266/build_contexts/build_ctx_811448916/deps/rpc-common/include" to "/data/fwbuild-volumes/2.16.0/apps/ioled_firmware/esp8266/build_contexts/build_ctx_811448916/deps/rpc-common/include"
mount from "/data/fwbuild-volumes/2.16.0/apps/ioled_firmware/esp8266/build_contexts/build_ctx_811448916/deps/rpc-ws/include" to "/data/fwbuild-volumes/2.16.0/apps/ioled_firmware/esp8266/build_contexts/build_ctx_811448916/deps/rpc-ws/include"
mount from "/data/fwbuild-volumes/2.16.0/apps/ioled_firmware/esp8266/build_contexts/build_ctx_811448916/deps/dash/include" to "/data/fwbuild-volumes/2.16.0/apps/ioled_firmware/esp8266/build_contexts/build_ctx_811448916/deps/dash/include"
mount from "/data/fwbuild-volumes/2.16.0/apps/ioled_firmware/esp8266/build_contexts/build_ctx_811448916/deps/mqtt/include" to "/data/fwbuild-volumes/2.16.0/apps/ioled_firmware/esp8266/build_contexts/build_ctx_811448916/deps/mqtt/include"
mount from "/data/fwbuild-volumes/2.16.0/apps/ioled_firmware/esp8266/build_contexts/build_ctx_811448916/deps/gcp/include" to "/data/fwbuild-volumes/2.16.0/apps/ioled_firmware/esp8266/build_contexts/build_ctx_811448916/deps/gcp/include"
mount from "/data/fwbuild-volumes/2.16.0/apps/ioled_firmware/esp8266/build_contexts/build_ctx_811448916/deps/http-server/include" to "/data/fwbuild-volumes/2.16.0/apps/ioled_firmware/esp8266/build_contexts/build_ctx_811448916/deps/http-server/include"
mount from "/data/fwbuild-volumes/2.16.0/apps/ioled_firmware/esp8266/build_contexts/build_ctx_811448916/deps/mjs/include" to "/data/fwbuild-volumes/2.16.0/apps/ioled_firmware/esp8266/build_contexts/build_ctx_811448916/deps/mjs/include"
mount from "/data/fwbuild-volumes/2.16.0/apps/ioled_firmware/esp8266/build_contexts/build_ctx_811448916/deps/neopixel/include" to "/data/fwbuild-volumes/2.16.0/apps/ioled_firmware/esp8266/build_contexts/build_ctx_811448916/deps/neopixel/include"
mount from "/data/fwbuild-volumes/2.16.0/apps/ioled_firmware/esp8266/build_contexts/build_ctx_811448916/deps/pwm/include" to "/data/fwbuild-volumes/2.16.0/apps/ioled_firmware/esp8266/build_contexts/build_ctx_811448916/deps/pwm/include"
mount from "/data/fwbuild-volumes/2.16.0/apps/ioled_firmware/esp8266/build_contexts/build_ctx_811448916/deps/rpc-loopback/include" to "/data/fwbuild-volumes/2.16.0/apps/ioled_firmware/esp8266/build_contexts/build_ctx_811448916/deps/rpc-loopback/include"
mount from "/data/fwbuild-volumes/2.16.0/apps/ioled_firmware/esp8266/build_contexts/build_ctx_811448916/deps/rpc-service-config/include" to "/data/fwbuild-volumes/2.16.0/apps/ioled_firmware/esp8266/build_contexts/build_ctx_811448916/deps/rpc-service-config/include"
mount from "/data/fwbuild-volumes/2.16.0/apps/ioled_firmware/esp8266/build_contexts/build_ctx_811448916/deps/rpc-service-fs/include" to "/data/fwbuild-volumes/2.16.0/apps/ioled_firmware/esp8266/build_contexts/build_ctx_811448916/deps/rpc-service-fs/include"
mount from "/data/fwbuild-volumes/2.16.0/apps/ioled_firmware/esp8266/build_contexts/build_ctx_811448916/deps/rpc-service-i2c/include" to "/data/fwbuild-volumes/2.16.0/apps/ioled_firmware/esp8266/build_contexts/build_ctx_811448916/deps/rpc-service-i2c/include"
mount from "/data/fwbuild-volumes/2.16.0/apps/ioled_firmware/esp8266/build_contexts/build_ctx_811448916/deps/rpc-service-ota/include" to "/data/fwbuild-volumes/2.16.0/apps/ioled_firmware/esp8266/build_contexts/build_ctx_811448916/deps/rpc-service-ota/include"
mount from "/data/fwbuild-volumes/2.16.0/apps/ioled_firmware/esp8266/build_contexts/build_ctx_811448916/deps/rpc-uart/include" to "/data/fwbuild-volumes/2.16.0/apps/ioled_firmware/esp8266/build_contexts/build_ctx_811448916/deps/rpc-uart/include"
mount from "/data/fwbuild-volumes/2.16.0/apps/ioled_firmware/esp8266/build_contexts/build_ctx_811448916/deps/wifi/include" to "/data/fwbuild-volumes/2.16.0/apps/ioled_firmware/esp8266/build_contexts/build_ctx_811448916/deps/wifi/include"
mount from "/data/fwbuild-volumes/2.16.0/apps/ioled_firmware/esp8266/build_contexts/build_ctx_811448916/deps/ca-bundle/fs" to "/data/fwbuild-volumes/2.16.0/apps/ioled_firmware/esp8266/build_contexts/build_ctx_811448916/deps/ca-bundle/fs"
mount from "/data/fwbuild-volumes/2.16.0/apps/ioled_firmware/esp8266/build_contexts/build_ctx_811448916/deps/mjs/fs" to "/data/fwbuild-volumes/2.16.0/apps/ioled_firmware/esp8266/build_contexts/build_ctx_811448916/deps/mjs/fs"
mount from "/data/fwbuild-volumes/2.16.0/apps/ioled_firmware/esp8266/build_contexts/build_ctx_811448916/deps/modules/mjs/mjs/lib" to "/data/fwbuild-volumes/2.16.0/apps/ioled_firmware/esp8266/build_contexts/build_ctx_811448916/deps/modules/mjs/mjs/lib"
mount from "/data/fwbuild-volumes/2.16.0/apps/ioled_firmware/esp8266/build_contexts/build_ctx_811448916/deps/i2c/mjs_fs" to "/data/fwbuild-volumes/2.16.0/apps/ioled_firmware/esp8266/build_contexts/build_ctx_811448916/deps/i2c/mjs_fs"
mount from "/data/fwbuild-volumes/2.16.0/apps/ioled_firmware/esp8266/build_contexts/build_ctx_811448916/deps/ota-http-client/mjs_fs" to "/data/fwbuild-volumes/2.16.0/apps/ioled_firmware/esp8266/build_contexts/build_ctx_811448916/deps/ota-http-client/mjs_fs"
mount from "/data/fwbuild-volumes/2.16.0/apps/ioled_firmware/esp8266/build_contexts/build_ctx_811448916/deps/shadow/mjs_fs" to "/data/fwbuild-volumes/2.16.0/apps/ioled_firmware/esp8266/build_contexts/build_ctx_811448916/deps/shadow/mjs_fs"
mount from "/data/fwbuild-volumes/2.16.0/apps/ioled_firmware/esp8266/build_contexts/build_ctx_811448916/deps/rpc-common/mjs_fs" to "/data/fwbuild-volumes/2.16.0/apps/ioled_firmware/esp8266/build_contexts/build_ctx_811448916/deps/rpc-common/mjs_fs"
mount from "/data/fwbuild-volumes/2.16.0/apps/ioled_firmware/esp8266/build_contexts/build_ctx_811448916/deps/dash/mjs_fs" to "/data/fwbuild-volumes/2.16.0/apps/ioled_firmware/esp8266/build_contexts/build_ctx_811448916/deps/dash/mjs_fs"
mount from "/data/fwbuild-volumes/2.16.0/apps/ioled_firmware/esp8266/build_contexts/build_ctx_811448916/deps/mqtt/mjs_fs" to "/data/fwbuild-volumes/2.16.0/apps/ioled_firmware/esp8266/build_contexts/build_ctx_811448916/deps/mqtt/mjs_fs"
mount from "/data/fwbuild-volumes/2.16.0/apps/ioled_firmware/esp8266/build_contexts/build_ctx_811448916/deps/gcp/mjs_fs" to "/data/fwbuild-volumes/2.16.0/apps/ioled_firmware/esp8266/build_contexts/build_ctx_811448916/deps/gcp/mjs_fs"
mount from "/data/fwbuild-volumes/2.16.0/apps/ioled_firmware/esp8266/build_contexts/build_ctx_811448916/deps/neopixel/mjs_fs" to "/data/fwbuild-volumes/2.16.0/apps/ioled_firmware/esp8266/build_contexts/build_ctx_811448916/deps/neopixel/mjs_fs"
mount from "/data/fwbuild-volumes/2.16.0/apps/ioled_firmware/esp8266/build_contexts/build_ctx_811448916/deps/pwm/mjs_fs" to "/data/fwbuild-volumes/2.16.0/apps/ioled_firmware/esp8266/build_contexts/build_ctx_811448916/deps/pwm/mjs_fs"
mount from "/data/fwbuild-volumes/2.16.0/apps/ioled_firmware/esp8266/build_contexts/build_ctx_811448916/deps/wifi/mjs_fs" to "/data/fwbuild-volumes/2.16.0/apps/ioled_firmware/esp8266/build_contexts/build_ctx_811448916/deps/wifi/mjs_fs"
mount from "/data/fwbuild-volumes/2.16.0/apps/ioled_firmware/esp8266/build_contexts/build_ctx_811448916/deps/mjs/esp8266/fs" to "/data/fwbuild-volumes/2.16.0/apps/ioled_firmware/esp8266/build_contexts/build_ctx_811448916/deps/mjs/esp8266/fs"
mount from "/data/fwbuild-volumes/2.16.0/apps/ioled_firmware/esp8266/build_contexts/build_ctx_811448916/deps/wifi-setup-web-ui/fs" to "/data/fwbuild-volumes/2.16.0/apps/ioled_firmware/esp8266/build_contexts/build_ctx_811448916/deps/wifi-setup-web-ui/fs"
mount from "/data/fwbuild-volumes/2.16.0/apps/ioled_firmware/esp8266/build_contexts/build_ctx_811448916/fs" to "/data/fwbuild-volumes/2.16.0/apps/ioled_firmware/esp8266/build_contexts/build_ctx_811448916/fs"
mount from "/data/fwbuild-volumes/2.16.0/apps/ioled_firmware/esp8266/build_contexts/build_ctx_811448916/build/objs" to "/data/fwbuild-volumes/2.16.0/apps/ioled_firmware/esp8266/build_contexts/build_ctx_811448916/build/objs"
mount from "/data/fwbuild-volumes/2.16.0/apps/ioled_firmware/esp8266/build_contexts/build_ctx_811448916/build/objs" to "/data/fwbuild-volumes/2.16.0/apps/ioled_firmware/esp8266/build_contexts/build_ctx_811448916/build/objs"
mount from "/data/fwbuild-volumes/2.16.0/apps/ioled_firmware/esp8266/build_contexts/build_ctx_811448916/build/objs" to "/data/fwbuild-volumes/2.16.0/apps/ioled_firmware/esp8266/build_contexts/build_ctx_811448916/build/objs"
mount from "/data/fwbuild-volumes/2.16.0/apps/ioled_firmware/esp8266/build_contexts/build_ctx_811448916/build/objs" to "/data/fwbuild-volumes/2.16.0/apps/ioled_firmware/esp8266/build_contexts/build_ctx_811448916/build/objs"
mount from "/data/fwbuild-volumes/2.16.0/apps/ioled_firmware/esp8266/build_contexts/build_ctx_811448916/build/objs" to "/data/fwbuild-volumes/2.16.0/apps/ioled_firmware/esp8266/build_contexts/build_ctx_811448916/build/objs"
mount from "/data/fwbuild-volumes/2.16.0/apps/ioled_firmware/esp8266/build_contexts/build_ctx_811448916/build/objs" to "/data/fwbuild-volumes/2.16.0/apps/ioled_firmware/esp8266/build_contexts/build_ctx_811448916/build/objs"
mount from "/data/fwbuild-volumes/2.16.0/apps/ioled_firmware/esp8266/build_contexts/build_ctx_811448916/build/objs" to "/data/fwbuild-volumes/2.16.0/apps/ioled_firmware/esp8266/build_contexts/build_ctx_811448916/build/objs"
mount from "/data/fwbuild-volumes/2.16.0/apps/ioled_firmware/esp8266/build_contexts/build_ctx_811448916/build/gen" to "/data/fwbuild-volumes/2.16.0/apps/ioled_firmware/esp8266/build_contexts/build_ctx_811448916/build/gen"
Docker arguments: run --name mos_build_2020-03-04T16-30-16-00_2263165139018619852 --rm -i -v /data/fwbuild-volumes/2.16.0/apps/ioled_firmware/esp8266/build_contexts/build_ctx_811448916/deps/shadow/mjs_fs:/data/fwbuild-volumes/2.16.0/apps/ioled_firmware/esp8266/build_contexts/build_ctx_811448916/deps/shadow/mjs_fs -v /data/fwbuild-volumes/2.16.0/apps/ioled_firmware/esp8266/build_contexts/build_ctx_811448916/deps/atca/src:/data/fwbuild-volumes/2.16.0/apps/ioled_firmware/esp8266/build_contexts/build_ctx_811448916/deps/atca/src -v /data/fwbuild-volumes/2.16.0/apps/ioled_firmware/esp8266/build_contexts/build_ctx_811448916/deps/mqtt/src:/data/fwbuild-volumes/2.16.0/apps/ioled_firmware/esp8266/build_contexts/build_ctx_811448916/deps/mqtt/src -v /data/fwbuild-volumes/2.16.0/apps/ioled_firmware/esp8266/build_contexts/build_ctx_811448916/deps/mjs/fs:/data/fwbuild-volumes/2.16.0/apps/ioled_firmware/esp8266/build_contexts/build_ctx_811448916/deps/mjs/fs -v /data/fwbuild-volumes/2.16.0/apps/ioled_firmware/esp8266/build_contexts/build_ctx_811448916/deps/i2c/mjs_fs:/data/fwbuild-volumes/2.16.0/apps/ioled_firmware/esp8266/build_contexts/build_ctx_811448916/deps/i2c/mjs_fs -v /data/fwbuild-volumes/2.16.0/apps/ioled_firmware/esp8266/build_contexts/build_ctx_811448916/deps/vfs-dev-part/include:/data/fwbuild-volumes/2.16.0/apps/ioled_firmware/esp8266/build_contexts/build_ctx_811448916/deps/vfs-dev-part/include -v /data/fwbuild-volumes/2.16.0/apps/ioled_firmware/esp8266/build_contexts/build_ctx_811448916/deps/cron/include:/data/fwbuild-volumes/2.16.0/apps/ioled_firmware/esp8266/build_contexts/build_ctx_811448916/deps/cron/include -v /data/fwbuild-volumes/2.16.0/apps/ioled_firmware/esp8266/build_contexts/build_ctx_811448916/deps/rpc-service-i2c/include:/data/fwbuild-volumes/2.16.0/apps/ioled_firmware/esp8266/build_contexts/build_ctx_811448916/deps/rpc-service-i2c/include -v /data/fwbuild-volumes/2.16.0/apps/ioled_firmware/esp8266/build_contexts/build_ctx_811448916/deps/dash/mjs_fs:/data/fwbuild-volumes/2.16.0/apps/ioled_firmware/esp8266/build_contexts/build_ctx_811448916/deps/dash/mjs_fs -v /data/fwbuild-volumes/2.16.0/apps/ioled_firmware/esp8266/build_contexts/build_ctx_811448916/deps/rpc-ws/include:/data/fwbuild-volumes/2.16.0/apps/ioled_firmware/esp8266/build_contexts/build_ctx_811448916/deps/rpc-ws/include -v /data/fwbuild-volumes/2.16.0/apps/ioled_firmware/esp8266/build_contexts/build_ctx_811448916/deps/neopixel/include:/data/fwbuild-volumes/2.16.0/apps/ioled_firmware/esp8266/build_contexts/build_ctx_811448916/deps/neopixel/include -v /data/fwbuild-volumes/2.16.0/apps/ioled_firmware/esp8266/build_contexts/build_ctx_811448916/deps/rpc-service-ota/include:/data/fwbuild-volumes/2.16.0/apps/ioled_firmware/esp8266/build_contexts/build_ctx_811448916/deps/rpc-service-ota/include -v /data/fwbuild-volumes/2.16.0/apps/ioled_firmware/esp8266/build_contexts/build_ctx_811448916/deps/rpc-common/mjs_fs:/data/fwbuild-volumes/2.16.0/apps/ioled_firmware/esp8266/build_contexts/build_ctx_811448916/deps/rpc-common/mjs_fs -v /data/fwbuild-volumes/2.16.0/apps/ioled_firmware/esp8266/build_contexts/build_ctx_811448916/deps/vfs-common/src/esp8266:/data/fwbuild-volumes/2.16.0/apps/ioled_firmware/esp8266/build_contexts/build_ctx_811448916/deps/vfs-common/src/esp8266 -v /data/fwbuild-volumes/2.16.0/apps/ioled_firmware/esp8266/build_contexts/build_ctx_811448916/deps/vfs-dev-part/src:/data/fwbuild-volumes/2.16.0/apps/ioled_firmware/esp8266/build_contexts/build_ctx_811448916/deps/vfs-dev-part/src -v /data/fwbuild-volumes/2.16.0/apps/ioled_firmware/esp8266/build_contexts/build_ctx_811448916/deps/wifi/src/esp8266:/data/fwbuild-volumes/2.16.0/apps/ioled_firmware/esp8266/build_contexts/build_ctx_811448916/deps/wifi/src/esp8266 -v /data/fwbuild-volumes/2.16.0/apps/ioled_firmware/esp8266/build_contexts/build_ctx_811448916/deps/i2c/include:/data/fwbuild-volumes/2.16.0/apps/ioled_firmware/esp8266/build_contexts/build_ctx_811448916/deps/i2c/include -v /data/fwbuild-volumes/2.16.0/apps/ioled_firmware/esp8266/build_contexts/build_ctx_811448916/deps/core/include:/data/fwbuild-volumes/2.16.0/apps/ioled_firmware/esp8266/build_contexts/build_ctx_811448916/deps/core/include -v /data/fwbuild-volumes/2.16.0/apps/ioled_firmware/esp8266/build_contexts/build_ctx_811448916/deps/dash/include:/data/fwbuild-volumes/2.16.0/apps/ioled_firmware/esp8266/build_contexts/build_ctx_811448916/deps/dash/include -v /data/fwbuild-volumes/2.16.0/apps/ioled_firmware/esp8266/build_contexts/build_ctx_811448916/deps/gcp/include:/data/fwbuild-volumes/2.16.0/apps/ioled_firmware/esp8266/build_contexts/build_ctx_811448916/deps/gcp/include -v /data/fwbuild-volumes/2.16.0/apps/ioled_firmware/esp8266/build_contexts/build_ctx_811448916/deps/rpc-service-config/include:/data/fwbuild-volumes/2.16.0/apps/ioled_firmware/esp8266/build_contexts/build_ctx_811448916/deps/rpc-service-config/include -v /data/fwbuild-volumes/2.16.0/apps/ioled_firmware/esp8266/build_contexts/build_ctx_811448916/deps/i2c/src:/data/fwbuild-volumes/2.16.0/apps/ioled_firmware/esp8266/build_contexts/build_ctx_811448916/deps/i2c/src -v /data/fwbuild-volumes/2.16.0/apps/ioled_firmware/esp8266/build_contexts/build_ctx_811448916/deps/atca/cryptoauthlib/lib/basic:/data/fwbuild-volumes/2.16.0/apps/ioled_firmware/esp8266/build_contexts/build_ctx_811448916/deps/atca/cryptoauthlib/lib/basic -v /data/fwbuild-volumes/2.16.0/apps/ioled_firmware/esp8266/build_contexts/build_ctx_811448916/deps/vfs-common/src:/data/fwbuild-volumes/2.16.0/apps/ioled_firmware/esp8266/build_contexts/build_ctx_811448916/deps/vfs-common/src -v /data/fwbuild-volumes/2.16.0/apps/ioled_firmware/esp8266/build_contexts/build_ctx_811448916/deps/http-server/src:/data/fwbuild-volumes/2.16.0/apps/ioled_firmware/esp8266/build_contexts/build_ctx_811448916/deps/http-server/src -v /data/fwbuild-volumes/2.16.0/apps/ioled_firmware/esp8266/build_contexts/build_ctx_811448916/deps/rpc-service-fs/include:/data/fwbuild-volumes/2.16.0/apps/ioled_firmware/esp8266/build_contexts/build_ctx_811448916/deps/rpc-service-fs/include -v /data/fwbuild-volumes/2.16.0/apps/ioled_firmware/esp8266/build_contexts/build_ctx_811448916/deps/rpc-uart/include:/data/fwbuild-volumes/2.16.0/apps/ioled_firmware/esp8266/build_contexts/build_ctx_811448916/deps/rpc-uart/include -v /data/fwbuild-volumes/2.16.0/apps/ioled_firmware/esp8266/build_contexts/build_ctx_811448916/deps/modules/mjs/mjs/lib:/data/fwbuild-volumes/2.16.0/apps/ioled_firmware/esp8266/build_contexts/build_ctx_811448916/deps/modules/mjs/mjs/lib -v /data/fwbuild-volumes/2.16.0/apps/ioled_firmware/esp8266/build_contexts/build_ctx_811448916/fs:/data/fwbuild-volumes/2.16.0/apps/ioled_firmware/esp8266/build_contexts/build_ctx_811448916/fs -v /data/fwbuild-volumes/2.16.0/apps/ioled_firmware/esp8266/build_contexts/build_ctx_811448916/deps/pwm/include:/data/fwbuild-volumes/2.16.0/apps/ioled_firmware/esp8266/build_contexts/build_ctx_811448916/deps/pwm/include -v /data/fwbuild-volumes/2.16.0/apps/ioled_firmware/esp8266/build_contexts/build_ctx_811448916:/app -v /data/fwbuild-volumes/2.16.0/apps/ioled_firmware/esp8266/build_contexts/build_ctx_811448916/deps/vfs-fs-spiffs/src/spiffs:/data/fwbuild-volumes/2.16.0/apps/ioled_firmware/esp8266/build_contexts/build_ctx_811448916/deps/vfs-fs-spiffs/src/spiffs -v /data/fwbuild-volumes/2.16.0/apps/ioled_firmware/esp8266/build_contexts/build_ctx_811448916/deps/vfs-common/include:/data/fwbuild-volumes/2.16.0/apps/ioled_firmware/esp8266/build_contexts/build_ctx_811448916/deps/vfs-common/include -v /data/fwbuild-volumes/2.16.0/apps/ioled_firmware/esp8266/build_contexts/build_ctx_811448916/deps/http-server/include:/data/fwbuild-volumes/2.16.0/apps/ioled_firmware/esp8266/build_contexts/build_ctx_811448916/deps/http-server/include -v /data/fwbuild-volumes/2.16.0/apps/ioled_firmware/esp8266/build_contexts/build_ctx_811448916/deps/pwm/src:/data/fwbuild-volumes/2.16.0/apps/ioled_firmware/esp8266/build_contexts/build_ctx_811448916/deps/pwm/src -v /data/fwbuild-volumes/2.16.0/apps/ioled_firmware/esp8266/build_contexts/build_ctx_811448916/deps/rpc-common/include:/data/fwbuild-volumes/2.16.0/apps/ioled_firmware/esp8266/build_contexts/build_ctx_811448916/deps/rpc-common/include -v /data/fwbuild-volumes/2.16.0/apps/ioled_firmware/esp8266/build_contexts/build_ctx_811448916/deps/pwm/mjs_fs:/data/fwbuild-volumes/2.16.0/apps/ioled_firmware/esp8266/build_contexts/build_ctx_811448916/deps/pwm/mjs_fs -v /data/fwbuild-volumes/2.16.0/apps/ioled_firmware/esp8266/build_contexts/build_ctx_811448916/deps/wifi-setup-web-ui/fs:/data/fwbuild-volumes/2.16.0/apps/ioled_firmware/esp8266/build_contexts/build_ctx_811448916/deps/wifi-setup-web-ui/fs -v /data/fwbuild-volumes/2.16.0/apps/ioled_firmware/esp8266/build_contexts/build_ctx_811448916/deps/vfs-fs-spiffs/src:/data/fwbuild-volumes/2.16.0/apps/ioled_firmware/esp8266/build_contexts/build_ctx_811448916/deps/vfs-fs-spiffs/src -v /data/fwbuild-volumes/2.16.0/apps/ioled_firmware/esp8266/build_contexts/build_ctx_811448916/deps/core/src/esp8266:/data/fwbuild-volumes/2.16.0/apps/ioled_firmware/esp8266/build_contexts/build_ctx_811448916/deps/core/src/esp8266 -v /data/fwbuild-volumes/2.16.0/apps/ioled_firmware/esp8266/build_contexts/build_ctx_811448916/deps/location/src:/data/fwbuild-volumes/2.16.0/apps/ioled_firmware/esp8266/build_contexts/build_ctx_811448916/deps/location/src -v /data/fwbuild-volumes/2.16.0/apps/ioled_firmware/esp8266/build_contexts/build_ctx_811448916/deps/gcp/src:/data/fwbuild-volumes/2.16.0/apps/ioled_firmware/esp8266/build_contexts/build_ctx_811448916/deps/gcp/src -v /data/fwbuild-volumes/2.16.0/apps/ioled_firmware/esp8266/build_contexts/build_ctx_811448916/deps/rpc-common/src:/data/fwbuild-volumes/2.16.0/apps/ioled_firmware/esp8266/build_contexts/build_ctx_811448916/deps/rpc-common/src -v /data/fwbuild-volumes/2.16.0/apps/ioled_firmware/esp8266/build_contexts/build_ctx_811448916/deps/vfs-fs-spiffs/include:/data/fwbuild-volumes/2.16.0/apps/ioled_firmware/esp8266/build_contexts/build_ctx_811448916/deps/vfs-fs-spiffs/include -v /data/fwbuild-volumes/2.16.0/apps/ioled_firmware/esp8266/build_contexts/build_ctx_811448916/deps/location/include:/data/fwbuild-volumes/2.16.0/apps/ioled_firmware/esp8266/build_contexts/build_ctx_811448916/deps/location/include -v /data/fwbuild-volumes/2.16.0/apps/ioled_firmware/esp8266/build_contexts/build_ctx_811448916/deps/rpc-service-config/src:/data/fwbuild-volumes/2.16.0/apps/ioled_firmware/esp8266/build_contexts/build_ctx_811448916/deps/rpc-service-config/src -v /data/fwbuild-volumes/2.16.0/apps/ioled_firmware/esp8266/build_contexts/build_ctx_811448916/deps/rpc-uart/src:/data/fwbuild-volumes/2.16.0/apps/ioled_firmware/esp8266/build_contexts/build_ctx_811448916/deps/rpc-uart/src -v /data/fwbuild-volumes/2.16.0/apps/ioled_firmware/esp8266/build_contexts/build_ctx_811448916/deps/mbedtls/mbedtls/include:/data/fwbuild-volumes/2.16.0/apps/ioled_firmware/esp8266/build_contexts/build_ctx_811448916/deps/mbedtls/mbedtls/include -v /data/fwbuild-volumes/2.16.0/apps/ioled_firmware/esp8266/build_contexts/build_ctx_811448916/deps/core/include/esp8266:/data/fwbuild-volumes/2.16.0/apps/ioled_firmware/esp8266/build_contexts/build_ctx_811448916/deps/core/include/esp8266 -v /data/fwbuild-volumes/2.16.0/apps/ioled_firmware/esp8266/build_contexts/build_ctx_811448916/build:/data/fwbuild-volumes/2.16.0/apps/ioled_firmware/esp8266/build_contexts/build_ctx_811448916/build -v /data/fwbuild-volumes/2.16.0/apps/ioled_firmware/esp8266/build_contexts/build_ctx_811448916/deps/atca/cryptoauthlib/lib/crypto:/data/fwbuild-volumes/2.16.0/apps/ioled_firmware/esp8266/build_contexts/build_ctx_811448916/deps/atca/cryptoauthlib/lib/crypto -v /data/fwbuild-volumes/2.16.0/apps/ioled_firmware/esp8266/build_contexts/build_ctx_811448916/deps/core/src:/data/fwbuild-volumes/2.16.0/apps/ioled_firmware/esp8266/build_contexts/build_ctx_811448916/deps/core/src -v /data/fwbuild-volumes/2.16.0/apps/ioled_firmware/esp8266/build_contexts/build_ctx_811448916/deps/rpc-ws/src:/data/fwbuild-volumes/2.16.0/apps/ioled_firmware/esp8266/build_contexts/build_ctx_811448916/deps/rpc-ws/src -v /data/fwbuild-volumes/2.16.0/apps/ioled_firmware/esp8266/build_contexts/build_ctx_811448916/deps/mjs/include:/data/fwbuild-volumes/2.16.0/apps/ioled_firmware/esp8266/build_contexts/build_ctx_811448916/deps/mjs/include -v /data/fwbuild-volumes/2.16.0/apps/ioled_firmware/esp8266/build_contexts/build_ctx_811448916/deps/ota-http-client/mjs_fs:/data/fwbuild-volumes/2.16.0/apps/ioled_firmware/esp8266/build_contexts/build_ctx_811448916/deps/ota-http-client/mjs_fs -v /data/fwbuild-volumes/2.16.0/apps/ioled_firmware/esp8266/build_contexts/build_ctx_811448916/deps/wifi/mjs_fs:/data/fwbuild-volumes/2.16.0/apps/ioled_firmware/esp8266/build_contexts/build_ctx_811448916/deps/wifi/mjs_fs -v /data/fwbuild-volumes/2.16.0/apps/ioled_firmware/esp8266/build_contexts/build_ctx_811448916/deps/rpc-service-fs/src:/data/fwbuild-volumes/2.16.0/apps/ioled_firmware/esp8266/build_contexts/build_ctx_811448916/deps/rpc-service-fs/src -v /data/fwbuild-volumes/2.16.0/apps/ioled_firmware/esp8266/build_contexts/build_ctx_811448916/deps/rpc-loopback/src:/data/fwbuild-volumes/2.16.0/apps/ioled_firmware/esp8266/build_contexts/build_ctx_811448916/deps/rpc-loopback/src -v /data/fwbuild-volumes/2.16.0/apps/ioled_firmware/esp8266/build_contexts/build_ctx_811448916/build/gen:/data/fwbuild-volumes/2.16.0/apps/ioled_firmware/esp8266/build_contexts/build_ctx_811448916/build/gen -v /data/fwbuild-volumes/2.16.0/apps/ioled_firmware/esp8266/build_contexts/build_ctx_811448916/deps/atca/cryptoauthlib/lib:/data/fwbuild-volumes/2.16.0/apps/ioled_firmware/esp8266/build_contexts/build_ctx_811448916/deps/atca/cryptoauthlib/lib -v /data/fwbuild-volumes/2.16.0/apps/ioled_firmware/esp8266/build_contexts/build_ctx_811448916/deps/cron/src:/data/fwbuild-volumes/2.16.0/apps/ioled_firmware/esp8266/build_contexts/build_ctx_811448916/deps/cron/src -v /data/fwbuild-volumes/2.16.0/apps/ioled_firmware/esp8266/build_contexts/build_ctx_811448916/deps/shadow/src:/data/fwbuild-volumes/2.16.0/apps/ioled_firmware/esp8266/build_contexts/build_ctx_811448916/deps/shadow/src -v /data/fwbuild-volumes/2.16.0/apps/ioled_firmware/esp8266/build_contexts/build_ctx_811448916/deps/mongoose/include:/data/fwbuild-volumes/2.16.0/apps/ioled_firmware/esp8266/build_contexts/build_ctx_811448916/deps/mongoose/include -v /data/fwbuild-volumes/2.16.0/apps/ioled_firmware/esp8266/build_contexts/build_ctx_811448916/deps/mqtt/include:/data/fwbuild-volumes/2.16.0/apps/ioled_firmware/esp8266/build_contexts/build_ctx_811448916/deps/mqtt/include -v /data/fwbuild-volumes/2.16.0/apps/ioled_firmware/esp8266/build_contexts/build_ctx_811448916/deps/modules/mongoose-os:/data/fwbuild-volumes/2.16.0/apps/ioled_firmware/esp8266/build_contexts/build_ctx_811448916/deps/modules/mongoose-os -v /data/fwbuild-volumes/2.16.0/apps/ioled_firmware/esp8266/build_contexts/build_ctx_811448916/deps/mjs/esp8266/src:/data/fwbuild-volumes/2.16.0/apps/ioled_firmware/esp8266/build_contexts/build_ctx_811448916/deps/mjs/esp8266/src -v /data/fwbuild-volumes/2.16.0/apps/ioled_firmware/esp8266/build_contexts/build_ctx_811448916/deps/neopixel/src:/data/fwbuild-volumes/2.16.0/apps/ioled_firmware/esp8266/build_contexts/build_ctx_811448916/deps/neopixel/src -v /data/fwbuild-volumes/2.16.0/apps/ioled_firmware/esp8266/build_contexts/build_ctx_811448916/deps/rpc-service-i2c/src:/data/fwbuild-volumes/2.16.0/apps/ioled_firmware/esp8266/build_contexts/build_ctx_811448916/deps/rpc-service-i2c/src -v /data/fwbuild-volumes/2.16.0/apps/ioled_firmware/esp8266/build_contexts/build_ctx_811448916/deps/mbedtls/include:/data/fwbuild-volumes/2.16.0/apps/ioled_firmware/esp8266/build_contexts/build_ctx_811448916/deps/mbedtls/include -v /data/fwbuild-volumes/2.16.0/apps/ioled_firmware/esp8266/build_contexts/build_ctx_811448916/deps/vfs-fs-spiffs/include/spiffs:/data/fwbuild-volumes/2.16.0/apps/ioled_firmware/esp8266/build_contexts/build_ctx_811448916/deps/vfs-fs-spiffs/include/spiffs -v /data/fwbuild-volumes/2.16.0/apps/ioled_firmware/esp8266/build_contexts/build_ctx_811448916/build/objs:/data/fwbuild-volumes/2.16.0/apps/ioled_firmware/esp8266/build_contexts/build_ctx_811448916/build/objs -v /data/fwbuild-volumes/2.16.0/apps/ioled_firmware/esp8266/build_contexts/build_ctx_811448916/deps/modules/mongoose-os:/mongoose-os -v /data/fwbuild-volumes/2.16.0/apps/ioled_firmware/esp8266/build_contexts/build_ctx_811448916/deps/sntp/src:/data/fwbuild-volumes/2.16.0/apps/ioled_firmware/esp8266/build_contexts/build_ctx_811448916/deps/sntp/src -v /data/fwbuild-volumes/2.16.0/apps/ioled_firmware/esp8266/build_contexts/build_ctx_811448916/deps/modules/mjs:/data/fwbuild-volumes/2.16.0/apps/ioled_firmware/esp8266/build_contexts/build_ctx_811448916/deps/modules/mjs -v /data/fwbuild-volumes/2.16.0/apps/ioled_firmware/esp8266/build_contexts/build_ctx_811448916/deps/wifi/src:/data/fwbuild-volumes/2.16.0/apps/ioled_firmware/esp8266/build_contexts/build_ctx_811448916/deps/wifi/src -v /data/fwbuild-volumes/2.16.0/apps/ioled_firmware/esp8266/build_contexts/build_ctx_811448916/deps/atca/include:/data/fwbuild-volumes/2.16.0/apps/ioled_firmware/esp8266/build_contexts/build_ctx_811448916/deps/atca/include -v /data/fwbuild-volumes/2.16.0/apps/ioled_firmware/esp8266/build_contexts/build_ctx_811448916/deps/ca-bundle/fs:/data/fwbuild-volumes/2.16.0/apps/ioled_firmware/esp8266/build_contexts/build_ctx_811448916/deps/ca-bundle/fs -v /data/fwbuild-volumes/2.16.0/apps/ioled_firmware/esp8266/build_contexts/build_ctx_811448916/deps/vfs-common/include/esp8266:/data/fwbuild-volumes/2.16.0/apps/ioled_firmware/esp8266/build_contexts/build_ctx_811448916/deps/vfs-common/include/esp8266 -v /data/fwbuild-volumes/2.16.0/apps/ioled_firmware/esp8266/build_contexts/build_ctx_811448916/deps/ota-common/include:/data/fwbuild-volumes/2.16.0/apps/ioled_firmware/esp8266/build_contexts/build_ctx_811448916/deps/ota-common/include -v /data/fwbuild-volumes/2.16.0/apps/ioled_firmware/esp8266/build_contexts/build_ctx_811448916/deps/rpc-loopback/include:/data/fwbuild-volumes/2.16.0/apps/ioled_firmware/esp8266/build_contexts/build_ctx_811448916/deps/rpc-loopback/include -v /data/fwbuild-volumes/2.16.0/apps/ioled_firmware/esp8266/build_contexts/build_ctx_811448916/deps/i2c/src/gpio:/data/fwbuild-volumes/2.16.0/apps/ioled_firmware/esp8266/build_contexts/build_ctx_811448916/deps/i2c/src/gpio -v /data/fwbuild-volumes/2.16.0/apps/ioled_firmware/esp8266/build_contexts/build_ctx_811448916/deps/atca/cryptoauthlib/lib/hal:/data/fwbuild-volumes/2.16.0/apps/ioled_firmware/esp8266/build_contexts/build_ctx_811448916/deps/atca/cryptoauthlib/lib/hal -v /data/fwbuild-volumes/2.16.0/apps/ioled_firmware/esp8266/build_contexts/build_ctx_811448916/deps/atca/cryptoauthlib/lib/host:/data/fwbuild-volumes/2.16.0/apps/ioled_firmware/esp8266/build_contexts/build_ctx_811448916/deps/atca/cryptoauthlib/lib/host -v /data/fwbuild-volumes/2.16.0/apps/ioled_firmware/esp8266/build_contexts/build_ctx_811448916/deps/mjs/src:/data/fwbuild-volumes/2.16.0/apps/ioled_firmware/esp8266/build_contexts/build_ctx_811448916/deps/mjs/src -v /data/fwbuild-volumes/2.16.0/apps/ioled_firmware/esp8266/build_contexts/build_ctx_811448916/deps/wifi/include:/data/fwbuild-volumes/2.16.0/apps/ioled_firmware/esp8266/build_contexts/build_ctx_811448916/deps/wifi/include -v /data/fwbuild-volumes/2.16.0/apps/ioled_firmware/esp8266/build_contexts/build_ctx_811448916/deps/gcp/mjs_fs:/data/fwbuild-volumes/2.16.0/apps/ioled_firmware/esp8266/build_contexts/build_ctx_811448916/deps/gcp/mjs_fs -v /data/fwbuild-volumes/2.16.0/apps/ioled_firmware/esp8266/build_contexts/build_ctx_811448916/deps/pwm/src/esp8266:/data/fwbuild-volumes/2.16.0/apps/ioled_firmware/esp8266/build_contexts/build_ctx_811448916/deps/pwm/src/esp8266 -v /data/fwbuild-volumes/2.16.0/apps/ioled_firmware/esp8266/build_contexts/build_ctx_811448916/deps/vfs-fs-spiffs/include/esp8266:/data/fwbuild-volumes/2.16.0/apps/ioled_firmware/esp8266/build_contexts/build_ctx_811448916/deps/vfs-fs-spiffs/include/esp8266 -v /data/fwbuild-volumes/2.16.0/apps/ioled_firmware/esp8266/build_contexts/build_ctx_811448916/deps/ota-http-client/include:/data/fwbuild-volumes/2.16.0/apps/ioled_firmware/esp8266/build_contexts/build_ctx_811448916/deps/ota-http-client/include -v /data/fwbuild-volumes/2.16.0/apps/ioled_firmware/esp8266/build_contexts/build_ctx_811448916/deps/shadow/include:/data/fwbuild-volumes/2.16.0/apps/ioled_firmware/esp8266/build_contexts/build_ctx_811448916/deps/shadow/include -v /data/fwbuild-volumes/2.16.0/apps/ioled_firmware/esp8266/build_contexts/build_ctx_811448916/deps/mbedtls/include/esp8266:/data/fwbuild-volumes/2.16.0/apps/ioled_firmware/esp8266/build_contexts/build_ctx_811448916/deps/mbedtls/include/esp8266 -v /data/fwbuild-volumes/2.16.0/apps/ioled_firmware/esp8266/build_contexts/build_ctx_811448916/deps/mqtt/mjs_fs:/data/fwbuild-volumes/2.16.0/apps/ioled_firmware/esp8266/build_contexts/build_ctx_811448916/deps/mqtt/mjs_fs -v /data/fwbuild-volumes/2.16.0/apps/ioled_firmware/esp8266/build_contexts/build_ctx_811448916/deps/neopixel/mjs_fs:/data/fwbuild-volumes/2.16.0/apps/ioled_firmware/esp8266/build_contexts/build_ctx_811448916/deps/neopixel/mjs_fs -v /data/fwbuild-volumes/2.16.0/apps/ioled_firmware/esp8266/build_contexts/build_ctx_811448916/deps/mjs/esp8266/fs:/data/fwbuild-volumes/2.16.0/apps/ioled_firmware/esp8266/build_contexts/build_ctx_811448916/deps/mjs/esp8266/fs --user 0:0 docker.io/mgos/esp8266-build:2.2.1-1.5.0-r5 /bin/bash -c nice make '-j' '8' '-C' '/app' '-f' '/data/fwbuild-volumes/2.16.0/apps/ioled_firmware/esp8266/build_contexts/build_ctx_811448916/deps/modules/mongoose-os/platforms/esp8266/Makefile.build' 'all' 'MGOS_VARS_FILE=/data/fwbuild-volumes/2.16.0/apps/ioled_firmware/esp8266/build_contexts/build_ctx_811448916/build/gen/vars.mk'
make: Entering directory '/app'
make: Nothing to be done for 'all'.
make: Leaving directory '/app'
Success, built ioled_firmware/esp8266 version 1.0.4 (20200302-193152).
Firmware saved to /data/fwbuild-volumes/2.16.0/apps/ioled_firmware/esp8266/build_contexts/build_ctx_811448916/build/fw.zip
By the way, there is a newer version available: "2.17.0" (you use "2.16.0"). Run "mos update" to upgrade.
